OpenROAD 6cafde346882876ede12f949e26ba481afd82c0c 
This program is licensed under the BSD-3 license. See the LICENSE file for details.
Components of this program may be licensed under more restrictive licenses which must be honored.
[INFO ODB-0222] Reading LEF file: /usr/local/google/home/sachinnadig/MixedSignal_ENV/GF180_GAFE_1/digital/runs/RUN_2023.02.14_02.16.20/tmp/merged.nom.lef
[INFO ODB-0223]     Created 15 technology layers
[INFO ODB-0224]     Created 60 technology vias
[INFO ODB-0225]     Created 230 library cells
[INFO ODB-0226] Finished LEF file:  /usr/local/google/home/sachinnadig/MixedSignal_ENV/GF180_GAFE_1/digital/runs/RUN_2023.02.14_02.16.20/tmp/merged.nom.lef
[INFO ODB-0127] Reading DEF file: /usr/local/google/home/sachinnadig/MixedSignal_ENV/GF180_GAFE_1/digital/runs/RUN_2023.02.14_02.16.20/results/routing/top.def
[INFO ODB-0128] Design: top
[INFO ODB-0130]     Created 4 pins.
[INFO ODB-0131]     Created 930 components and 3157 component-terminals.
[INFO ODB-0132]     Created 2 special nets and 3148 connections.
[INFO ODB-0133]     Created 4 nets and 9 connections.
[INFO ODB-0134] Finished DEF file: /usr/local/google/home/sachinnadig/MixedSignal_ENV/GF180_GAFE_1/digital/runs/RUN_2023.02.14_02.16.20/results/routing/top.def
Using RCX ruleset '/usr/local/google/home/sachinnadig/MixedSignal_ENV/silicon-env/share/pdk/gf180mcuC/libs.tech/openlane/rules.openrcx.gf180mcuC.nom'...
[INFO RCX-0431] Defined process_corner X with ext_model_index 0
[INFO RCX-0029] Defined extraction corner X
[INFO RCX-0008] extracting parasitics of top ...
[INFO RCX-0435] Reading extraction model file /usr/local/google/home/sachinnadig/MixedSignal_ENV/silicon-env/share/pdk/gf180mcuC/libs.tech/openlane/rules.openrcx.gf180mcuC.nom ...
[INFO RCX-0436] RC segment generation top (max_merge_res 50.0) ...
[INFO RCX-0040] Final 12 rc segments
[INFO RCX-0439] Coupling Cap extraction top ...
[INFO RCX-0440] Coupling threshhold is 0.1000 fF, coupling capacitance less than 0.1000 fF will be grounded.
[INFO RCX-0043] 92 wires to be extracted
[INFO RCX-0442] 76% completion -- 70 wires have been extracted
[INFO RCX-0442] 100% completion -- 92 wires have been extracted
[INFO RCX-0045] Extract 4 nets, 16 rsegs, 16 caps, 0 ccs
[INFO RCX-0015] Finished extracting top.
Writing result to /usr/local/google/home/sachinnadig/MixedSignal_ENV/GF180_GAFE_1/digital/runs/RUN_2023.02.14_02.16.20/results/routing/mca/process_corner_nom/top.spef...
Setting global connections for newly added cells...
[WARNING] Did not save OpenROAD database!
Writing extracted parasitics to /usr/local/google/home/sachinnadig/MixedSignal_ENV/GF180_GAFE_1/digital/runs/RUN_2023.02.14_02.16.20/results/routing/mca/process_corner_nom/top.spef...
[INFO RCX-0016] Writing SPEF ...
[INFO RCX-0443] 4 nets finished
[INFO RCX-0017] Finished writing SPEF ...
