OpenROAD 6cafde346882876ede12f949e26ba481afd82c0c 
This program is licensed under the BSD-3 license. See the LICENSE file for details.
Components of this program may be licensed under more restrictive licenses which must be honored.
[WARNING STA-0357] virtual clock __VIRTUAL_CLK__ can not be propagated.
min_report

===========================================================================
report_checks -path_delay min (Hold)
============================================================================

======================= Slowest Corner ===================================

Startpoint: osc_en (input port clocked by __VIRTUAL_CLK__)
Endpoint: osc_out (output port clocked by __VIRTUAL_CLK__)
Path Group: __VIRTUAL_CLK__
Path Type: min
Corner: ss

Fanout     Cap    Slew   Delay    Time   Description
-----------------------------------------------------------------------------
                  0.00    0.00    0.00   clock __VIRTUAL_CLK__ (rise edge)
                          0.00    0.00   clock network delay (ideal)
                          2.00    2.00 v input external delay
                  0.18    0.08    2.08 v osc_en (in)
     2    0.01                           osc_en (net)
                  0.18    0.00    2.08 v input1/I (gf180mcu_fd_sc_mcu7t5v0__clkbuf_1)
                  0.57    0.57    2.65 v input1/Z (gf180mcu_fd_sc_mcu7t5v0__clkbuf_1)
     2    0.02                           net1 (net)
                  0.57    0.00    2.65 v _0_/A1 (gf180mcu_fd_sc_mcu7t5v0__and2_1)
                  1.46    1.35    3.99 v _0_/Z (gf180mcu_fd_sc_mcu7t5v0__and2_1)
     1    0.07                           osc_out (net)
                  1.46    0.01    4.00 v osc_out (out)
                                  4.00   data arrival time

                  0.00    0.00    0.00   clock __VIRTUAL_CLK__ (rise edge)
                          0.00    0.00   clock network delay (ideal)
                          0.25    0.25   clock uncertainty
                          0.00    0.25   clock reconvergence pessimism
                         -2.00   -1.75   output external delay
                                 -1.75   data required time
-----------------------------------------------------------------------------
                                 -1.75   data required time
                                 -4.00   data arrival time
-----------------------------------------------------------------------------
                                  5.75   slack (MET)



======================= Typical Corner ===================================

Startpoint: osc_en (input port clocked by __VIRTUAL_CLK__)
Endpoint: osc_out (output port clocked by __VIRTUAL_CLK__)
Path Group: __VIRTUAL_CLK__
Path Type: min
Corner: tt

Fanout     Cap    Slew   Delay    Time   Description
-----------------------------------------------------------------------------
                  0.00    0.00    0.00   clock __VIRTUAL_CLK__ (rise edge)
                          0.00    0.00   clock network delay (ideal)
                          2.00    2.00 v input external delay
                  0.10    0.05    2.05 v osc_en (in)
     2    0.01                           osc_en (net)
                  0.10    0.00    2.05 v input1/I (gf180mcu_fd_sc_mcu7t5v0__clkbuf_1)
                  0.33    0.32    2.37 v input1/Z (gf180mcu_fd_sc_mcu7t5v0__clkbuf_1)
     2    0.02                           net1 (net)
                  0.33    0.00    2.37 v _0_/A1 (gf180mcu_fd_sc_mcu7t5v0__and2_1)
                  0.88    0.78    3.15 v _0_/Z (gf180mcu_fd_sc_mcu7t5v0__and2_1)
     1    0.07                           osc_out (net)
                  0.88    0.01    3.15 v osc_out (out)
                                  3.15   data arrival time

                  0.00    0.00    0.00   clock __VIRTUAL_CLK__ (rise edge)
                          0.00    0.00   clock network delay (ideal)
                          0.25    0.25   clock uncertainty
                          0.00    0.25   clock reconvergence pessimism
                         -2.00   -1.75   output external delay
                                 -1.75   data required time
-----------------------------------------------------------------------------
                                 -1.75   data required time
                                 -3.15   data arrival time
-----------------------------------------------------------------------------
                                  4.90   slack (MET)



======================= Fastest Corner ===================================

Startpoint: osc_en (input port clocked by __VIRTUAL_CLK__)
Endpoint: osc_out (output port clocked by __VIRTUAL_CLK__)
Path Group: __VIRTUAL_CLK__
Path Type: min
Corner: ff

Fanout     Cap    Slew   Delay    Time   Description
-----------------------------------------------------------------------------
                  0.00    0.00    0.00   clock __VIRTUAL_CLK__ (rise edge)
                          0.00    0.00   clock network delay (ideal)
                          2.00    2.00 v input external delay
                  0.07    0.03    2.03 v osc_en (in)
     2    0.01                           osc_en (net)
                  0.07    0.00    2.03 v input1/I (gf180mcu_fd_sc_mcu7t5v0__clkbuf_1)
                  0.21    0.21    2.24 v input1/Z (gf180mcu_fd_sc_mcu7t5v0__clkbuf_1)
     2    0.02                           net1 (net)
                  0.21    0.00    2.24 v _0_/A1 (gf180mcu_fd_sc_mcu7t5v0__and2_1)
                  0.59    0.51    2.75 v _0_/Z (gf180mcu_fd_sc_mcu7t5v0__and2_1)
     1    0.07                           osc_out (net)
                  0.59    0.01    2.75 v osc_out (out)
                                  2.75   data arrival time

                  0.00    0.00    0.00   clock __VIRTUAL_CLK__ (rise edge)
                          0.00    0.00   clock network delay (ideal)
                          0.25    0.25   clock uncertainty
                          0.00    0.25   clock reconvergence pessimism
                         -2.00   -1.75   output external delay
                                 -1.75   data required time
-----------------------------------------------------------------------------
                                 -1.75   data required time
                                 -2.75   data arrival time
-----------------------------------------------------------------------------
                                  4.50   slack (MET)


min_report_end
max_report

===========================================================================
report_checks -path_delay max (Setup)
============================================================================

======================= Slowest Corner ===================================

Startpoint: osc_en (input port clocked by __VIRTUAL_CLK__)
Endpoint: osc_out (output port clocked by __VIRTUAL_CLK__)
Path Group: __VIRTUAL_CLK__
Path Type: max
Corner: ss

Fanout     Cap    Slew   Delay    Time   Description
-----------------------------------------------------------------------------
                  0.00    0.00    0.00   clock __VIRTUAL_CLK__ (rise edge)
                          0.00    0.00   clock network delay (ideal)
                          2.00    2.00 ^ input external delay
                  0.31    0.14    2.14 ^ osc_en (in)
     2    0.01                           osc_en (net)
                  0.31    0.00    2.14 ^ input1/I (gf180mcu_fd_sc_mcu7t5v0__clkbuf_1)
                  0.61    0.66    2.79 ^ input1/Z (gf180mcu_fd_sc_mcu7t5v0__clkbuf_1)
     2    0.02                           net1 (net)
                  0.61    0.00    2.79 ^ _0_/A1 (gf180mcu_fd_sc_mcu7t5v0__and2_1)
                  2.49    2.01    4.80 ^ _0_/Z (gf180mcu_fd_sc_mcu7t5v0__and2_1)
     1    0.07                           osc_out (net)
                  2.49    0.01    4.81 ^ osc_out (out)
                                  4.81   data arrival time

                  0.00   10.00   10.00   clock __VIRTUAL_CLK__ (rise edge)
                          0.00   10.00   clock network delay (ideal)
                         -0.25    9.75   clock uncertainty
                          0.00    9.75   clock reconvergence pessimism
                         -2.00    7.75   output external delay
                                  7.75   data required time
-----------------------------------------------------------------------------
                                  7.75   data required time
                                 -4.81   data arrival time
-----------------------------------------------------------------------------
                                  2.94   slack (MET)



======================= Typical Corner ===================================

Startpoint: osc_en (input port clocked by __VIRTUAL_CLK__)
Endpoint: osc_out (output port clocked by __VIRTUAL_CLK__)
Path Group: __VIRTUAL_CLK__
Path Type: max
Corner: tt

Fanout     Cap    Slew   Delay    Time   Description
-----------------------------------------------------------------------------
                  0.00    0.00    0.00   clock __VIRTUAL_CLK__ (rise edge)
                          0.00    0.00   clock network delay (ideal)
                          2.00    2.00 ^ input external delay
                  0.18    0.08    2.08 ^ osc_en (in)
     2    0.01                           osc_en (net)
                  0.18    0.00    2.08 ^ input1/I (gf180mcu_fd_sc_mcu7t5v0__clkbuf_1)
                  0.35    0.37    2.45 ^ input1/Z (gf180mcu_fd_sc_mcu7t5v0__clkbuf_1)
     2    0.02                           net1 (net)
                  0.35    0.00    2.45 ^ _0_/A1 (gf180mcu_fd_sc_mcu7t5v0__and2_1)
                  1.47    1.15    3.60 ^ _0_/Z (gf180mcu_fd_sc_mcu7t5v0__and2_1)
     1    0.07                           osc_out (net)
                  1.47    0.01    3.61 ^ osc_out (out)
                                  3.61   data arrival time

                  0.00   10.00   10.00   clock __VIRTUAL_CLK__ (rise edge)
                          0.00   10.00   clock network delay (ideal)
                         -0.25    9.75   clock uncertainty
                          0.00    9.75   clock reconvergence pessimism
                         -2.00    7.75   output external delay
                                  7.75   data required time
-----------------------------------------------------------------------------
                                  7.75   data required time
                                 -3.61   data arrival time
-----------------------------------------------------------------------------
                                  4.14   slack (MET)



======================= Fastest Corner ===================================

Startpoint: osc_en (input port clocked by __VIRTUAL_CLK__)
Endpoint: osc_out (output port clocked by __VIRTUAL_CLK__)
Path Group: __VIRTUAL_CLK__
Path Type: max
Corner: ff

Fanout     Cap    Slew   Delay    Time   Description
-----------------------------------------------------------------------------
                  0.00    0.00    0.00   clock __VIRTUAL_CLK__ (rise edge)
                          0.00    0.00   clock network delay (ideal)
                          2.00    2.00 ^ input external delay
                  0.11    0.05    2.05 ^ osc_en (in)
     2    0.01                           osc_en (net)
                  0.11    0.00    2.05 ^ input1/I (gf180mcu_fd_sc_mcu7t5v0__clkbuf_1)
                  0.23    0.24    2.30 ^ input1/Z (gf180mcu_fd_sc_mcu7t5v0__clkbuf_1)
     2    0.02                           net1 (net)
                  0.23    0.00    2.30 ^ _0_/A1 (gf180mcu_fd_sc_mcu7t5v0__and2_1)
                  0.97    0.76    3.05 ^ _0_/Z (gf180mcu_fd_sc_mcu7t5v0__and2_1)
     1    0.07                           osc_out (net)
                  0.97    0.01    3.06 ^ osc_out (out)
                                  3.06   data arrival time

                  0.00   10.00   10.00   clock __VIRTUAL_CLK__ (rise edge)
                          0.00   10.00   clock network delay (ideal)
                         -0.25    9.75   clock uncertainty
                          0.00    9.75   clock reconvergence pessimism
                         -2.00    7.75   output external delay
                                  7.75   data required time
-----------------------------------------------------------------------------
                                  7.75   data required time
                                 -3.06   data arrival time
-----------------------------------------------------------------------------
                                  4.69   slack (MET)


max_report_end
check_report

===========================================================================
report_checks -unconstrained
============================================================================

======================= Slowest Corner ===================================

Startpoint: osc_en (input port clocked by __VIRTUAL_CLK__)
Endpoint: osc_out (output port clocked by __VIRTUAL_CLK__)
Path Group: __VIRTUAL_CLK__
Path Type: max
Corner: ss

Fanout     Cap    Slew   Delay    Time   Description
-----------------------------------------------------------------------------
                  0.00    0.00    0.00   clock __VIRTUAL_CLK__ (rise edge)
                          0.00    0.00   clock network delay (ideal)
                          2.00    2.00 ^ input external delay
                  0.31    0.14    2.14 ^ osc_en (in)
     2    0.01                           osc_en (net)
                  0.31    0.00    2.14 ^ input1/I (gf180mcu_fd_sc_mcu7t5v0__clkbuf_1)
                  0.61    0.66    2.79 ^ input1/Z (gf180mcu_fd_sc_mcu7t5v0__clkbuf_1)
     2    0.02                           net1 (net)
                  0.61    0.00    2.79 ^ _0_/A1 (gf180mcu_fd_sc_mcu7t5v0__and2_1)
                  2.49    2.01    4.80 ^ _0_/Z (gf180mcu_fd_sc_mcu7t5v0__and2_1)
     1    0.07                           osc_out (net)
                  2.49    0.01    4.81 ^ osc_out (out)
                                  4.81   data arrival time

                  0.00   10.00   10.00   clock __VIRTUAL_CLK__ (rise edge)
                          0.00   10.00   clock network delay (ideal)
                         -0.25    9.75   clock uncertainty
                          0.00    9.75   clock reconvergence pessimism
                         -2.00    7.75   output external delay
                                  7.75   data required time
-----------------------------------------------------------------------------
                                  7.75   data required time
                                 -4.81   data arrival time
-----------------------------------------------------------------------------
                                  2.94   slack (MET)



======================= Typical Corner ===================================

Startpoint: osc_en (input port clocked by __VIRTUAL_CLK__)
Endpoint: osc_out (output port clocked by __VIRTUAL_CLK__)
Path Group: __VIRTUAL_CLK__
Path Type: max
Corner: tt

Fanout     Cap    Slew   Delay    Time   Description
-----------------------------------------------------------------------------
                  0.00    0.00    0.00   clock __VIRTUAL_CLK__ (rise edge)
                          0.00    0.00   clock network delay (ideal)
                          2.00    2.00 ^ input external delay
                  0.18    0.08    2.08 ^ osc_en (in)
     2    0.01                           osc_en (net)
                  0.18    0.00    2.08 ^ input1/I (gf180mcu_fd_sc_mcu7t5v0__clkbuf_1)
                  0.35    0.37    2.45 ^ input1/Z (gf180mcu_fd_sc_mcu7t5v0__clkbuf_1)
     2    0.02                           net1 (net)
                  0.35    0.00    2.45 ^ _0_/A1 (gf180mcu_fd_sc_mcu7t5v0__and2_1)
                  1.47    1.15    3.60 ^ _0_/Z (gf180mcu_fd_sc_mcu7t5v0__and2_1)
     1    0.07                           osc_out (net)
                  1.47    0.01    3.61 ^ osc_out (out)
                                  3.61   data arrival time

                  0.00   10.00   10.00   clock __VIRTUAL_CLK__ (rise edge)
                          0.00   10.00   clock network delay (ideal)
                         -0.25    9.75   clock uncertainty
                          0.00    9.75   clock reconvergence pessimism
                         -2.00    7.75   output external delay
                                  7.75   data required time
-----------------------------------------------------------------------------
                                  7.75   data required time
                                 -3.61   data arrival time
-----------------------------------------------------------------------------
                                  4.14   slack (MET)



======================= Fastest Corner ===================================

Startpoint: osc_en (input port clocked by __VIRTUAL_CLK__)
Endpoint: osc_out (output port clocked by __VIRTUAL_CLK__)
Path Group: __VIRTUAL_CLK__
Path Type: max
Corner: ff

Fanout     Cap    Slew   Delay    Time   Description
-----------------------------------------------------------------------------
                  0.00    0.00    0.00   clock __VIRTUAL_CLK__ (rise edge)
                          0.00    0.00   clock network delay (ideal)
                          2.00    2.00 ^ input external delay
                  0.11    0.05    2.05 ^ osc_en (in)
     2    0.01                           osc_en (net)
                  0.11    0.00    2.05 ^ input1/I (gf180mcu_fd_sc_mcu7t5v0__clkbuf_1)
                  0.23    0.24    2.30 ^ input1/Z (gf180mcu_fd_sc_mcu7t5v0__clkbuf_1)
     2    0.02                           net1 (net)
                  0.23    0.00    2.30 ^ _0_/A1 (gf180mcu_fd_sc_mcu7t5v0__and2_1)
                  0.97    0.76    3.05 ^ _0_/Z (gf180mcu_fd_sc_mcu7t5v0__and2_1)
     1    0.07                           osc_out (net)
                  0.97    0.01    3.06 ^ osc_out (out)
                                  3.06   data arrival time

                  0.00   10.00   10.00   clock __VIRTUAL_CLK__ (rise edge)
                          0.00   10.00   clock network delay (ideal)
                         -0.25    9.75   clock uncertainty
                          0.00    9.75   clock reconvergence pessimism
                         -2.00    7.75   output external delay
                                  7.75   data required time
-----------------------------------------------------------------------------
                                  7.75   data required time
                                 -3.06   data arrival time
-----------------------------------------------------------------------------
                                  4.69   slack (MET)



===========================================================================
report_checks --slack_max -0.01
============================================================================

======================= Slowest Corner ===================================

No paths found.

======================= Typical Corner ===================================

No paths found.

======================= Fastest Corner ===================================

No paths found.
check_report_end
parastic_annotation_check

===========================================================================
report_parasitic_annotation -report_unannotated
============================================================================
Found 0 unannotated drivers.
Found 0 partially unannotated drivers.
parastic_annotation_check_end
check_slew

===========================================================================
 report_check_types -max_slew -max_cap -max_fanout -violators
============================================================================

======================= Slowest Corner ===================================


======================= Typical Corner ===================================


======================= Fastest Corner ===================================


===========================================================================
max slew violation count 0
max fanout violation count 0
max cap violation count 0
============================================================================
check_slew_end
tns_report

===========================================================================
 report_tns
============================================================================
tns 0.00
tns_report_end
wns_report

===========================================================================
 report_wns
============================================================================
wns 0.00
wns_report_end
worst_slack

===========================================================================
 report_worst_slack -max (Setup)
============================================================================
worst slack 2.94

===========================================================================
 report_worst_slack -min (Hold)
============================================================================
worst slack 4.50
worst_slack_end
power_report

===========================================================================
 report_power
============================================================================


======================= Slowest Corner =================================

Group                  Internal  Switching    Leakage      Total
                          Power      Power      Power      Power (Watts)
----------------------------------------------------------------
Sequential             0.00e+00   0.00e+00   0.00e+00   0.00e+00   0.0%
Combinational          2.31e-06   9.33e-06   5.50e-07   1.22e-05 100.0%
Macro                  0.00e+00   0.00e+00   0.00e+00   0.00e+00   0.0%
Pad                    0.00e+00   0.00e+00   0.00e+00   0.00e+00   0.0%
----------------------------------------------------------------
Total                  2.31e-06   9.33e-06   5.50e-07   1.22e-05 100.0%
                          19.0%      76.5%       4.5%

======================= Typical Corner ===================================

Group                  Internal  Switching    Leakage      Total
                          Power      Power      Power      Power (Watts)
----------------------------------------------------------------
Sequential             0.00e+00   0.00e+00   0.00e+00   0.00e+00   0.0%
Combinational          2.82e-06   1.15e-05   4.68e-08   1.44e-05 100.0%
Macro                  0.00e+00   0.00e+00   0.00e+00   0.00e+00   0.0%
Pad                    0.00e+00   0.00e+00   0.00e+00   0.00e+00   0.0%
----------------------------------------------------------------
Total                  2.82e-06   1.15e-05   4.68e-08   1.44e-05 100.0%
                          19.7%      80.0%       0.3%


======================= Fastest Corner =================================

Group                  Internal  Switching    Leakage      Total
                          Power      Power      Power      Power (Watts)
----------------------------------------------------------------
Sequential             0.00e+00   0.00e+00   0.00e+00   0.00e+00   0.0%
Combinational          3.45e-06   1.39e-05   5.66e-08   1.74e-05 100.0%
Macro                  0.00e+00   0.00e+00   0.00e+00   0.00e+00   0.0%
Pad                    0.00e+00   0.00e+00   0.00e+00   0.00e+00   0.0%
----------------------------------------------------------------
Total                  3.45e-06   1.39e-05   5.66e-08   1.74e-05 100.0%
                          19.8%      79.9%       0.3%
power_report_end
area_report

===========================================================================
 report_design_area
============================================================================
Design area 3346 u^2 11% utilization.
area_report_end
Setting global connections for newly added cells...
[WARNING] Did not save OpenROAD database!
Writing SDF files for all corners...
Writing SDF for the ff corner to /usr/local/google/home/sachinnadig/MixedSignal_ENV/GF180_GAFE_1/digital/runs/RUN_2023.02.14_02.16.20/results/routing/mca/process_corner_nom/top.ff.sdf...
Writing SDF for the ss corner to /usr/local/google/home/sachinnadig/MixedSignal_ENV/GF180_GAFE_1/digital/runs/RUN_2023.02.14_02.16.20/results/routing/mca/process_corner_nom/top.ss.sdf...
Writing SDF for the tt corner to /usr/local/google/home/sachinnadig/MixedSignal_ENV/GF180_GAFE_1/digital/runs/RUN_2023.02.14_02.16.20/results/routing/mca/process_corner_nom/top.tt.sdf...
Writing timing models for all corners...
Writing timing models for the ff corner to /usr/local/google/home/sachinnadig/MixedSignal_ENV/GF180_GAFE_1/digital/runs/RUN_2023.02.14_02.16.20/results/routing/mca/process_corner_nom/top.ff.lib...
Writing timing models for the ss corner to /usr/local/google/home/sachinnadig/MixedSignal_ENV/GF180_GAFE_1/digital/runs/RUN_2023.02.14_02.16.20/results/routing/mca/process_corner_nom/top.ss.lib...
Writing timing models for the tt corner to /usr/local/google/home/sachinnadig/MixedSignal_ENV/GF180_GAFE_1/digital/runs/RUN_2023.02.14_02.16.20/results/routing/mca/process_corner_nom/top.tt.lib...
