OpenROAD 6cafde346882876ede12f949e26ba481afd82c0c 
This program is licensed under the BSD-3 license. See the LICENSE file for details.
Components of this program may be licensed under more restrictive licenses which must be honored.
[WARNING STA-0357] virtual clock __VIRTUAL_CLK__ can not be propagated.
min_report

===========================================================================
report_checks -path_delay min (Hold)
============================================================================
Startpoint: osc_en (input port clocked by __VIRTUAL_CLK__)
Endpoint: osc_out (output port clocked by __VIRTUAL_CLK__)
Path Group: __VIRTUAL_CLK__
Path Type: min

Fanout     Cap    Slew   Delay    Time   Description
-----------------------------------------------------------------------------
                  0.00    0.00    0.00   clock __VIRTUAL_CLK__ (rise edge)
                          0.00    0.00   clock network delay (ideal)
                          2.00    2.00 v input external delay
                  0.10    0.05    2.05 v osc_en (in)
     2    0.01                           osc_en (net)
                  0.10    0.00    2.05 v input1/I (gf180mcu_fd_sc_mcu7t5v0__clkbuf_1)
                  0.33    0.32    2.37 v input1/Z (gf180mcu_fd_sc_mcu7t5v0__clkbuf_1)
     2    0.02                           net1 (net)
                  0.33    0.00    2.37 v _0_/A1 (gf180mcu_fd_sc_mcu7t5v0__and2_1)
                  0.88    0.78    3.15 v _0_/Z (gf180mcu_fd_sc_mcu7t5v0__and2_1)
     1    0.07                           osc_out (net)
                  0.88    0.01    3.15 v osc_out (out)
                                  3.15   data arrival time

                  0.00    0.00    0.00   clock __VIRTUAL_CLK__ (rise edge)
                          0.00    0.00   clock network delay (ideal)
                          0.25    0.25   clock uncertainty
                          0.00    0.25   clock reconvergence pessimism
                         -2.00   -1.75   output external delay
                                 -1.75   data required time
-----------------------------------------------------------------------------
                                 -1.75   data required time
                                 -3.15   data arrival time
-----------------------------------------------------------------------------
                                  4.90   slack (MET)


min_report_end
max_report

===========================================================================
report_checks -path_delay max (Setup)
============================================================================
Startpoint: osc_en (input port clocked by __VIRTUAL_CLK__)
Endpoint: osc_out (output port clocked by __VIRTUAL_CLK__)
Path Group: __VIRTUAL_CLK__
Path Type: max

Fanout     Cap    Slew   Delay    Time   Description
-----------------------------------------------------------------------------
                  0.00    0.00    0.00   clock __VIRTUAL_CLK__ (rise edge)
                          0.00    0.00   clock network delay (ideal)
                          2.00    2.00 ^ input external delay
                  0.18    0.08    2.08 ^ osc_en (in)
     2    0.01                           osc_en (net)
                  0.18    0.00    2.08 ^ input1/I (gf180mcu_fd_sc_mcu7t5v0__clkbuf_1)
                  0.35    0.37    2.45 ^ input1/Z (gf180mcu_fd_sc_mcu7t5v0__clkbuf_1)
     2    0.02                           net1 (net)
                  0.35    0.00    2.45 ^ _0_/A1 (gf180mcu_fd_sc_mcu7t5v0__and2_1)
                  1.47    1.15    3.60 ^ _0_/Z (gf180mcu_fd_sc_mcu7t5v0__and2_1)
     1    0.07                           osc_out (net)
                  1.47    0.01    3.61 ^ osc_out (out)
                                  3.61   data arrival time

                  0.00   10.00   10.00   clock __VIRTUAL_CLK__ (rise edge)
                          0.00   10.00   clock network delay (ideal)
                         -0.25    9.75   clock uncertainty
                          0.00    9.75   clock reconvergence pessimism
                         -2.00    7.75   output external delay
                                  7.75   data required time
-----------------------------------------------------------------------------
                                  7.75   data required time
                                 -3.61   data arrival time
-----------------------------------------------------------------------------
                                  4.14   slack (MET)


max_report_end
check_report

===========================================================================
report_checks -unconstrained
============================================================================
Startpoint: osc_en (input port clocked by __VIRTUAL_CLK__)
Endpoint: osc_out (output port clocked by __VIRTUAL_CLK__)
Path Group: __VIRTUAL_CLK__
Path Type: max

Fanout     Cap    Slew   Delay    Time   Description
-----------------------------------------------------------------------------
                  0.00    0.00    0.00   clock __VIRTUAL_CLK__ (rise edge)
                          0.00    0.00   clock network delay (ideal)
                          2.00    2.00 ^ input external delay
                  0.18    0.08    2.08 ^ osc_en (in)
     2    0.01                           osc_en (net)
                  0.18    0.00    2.08 ^ input1/I (gf180mcu_fd_sc_mcu7t5v0__clkbuf_1)
                  0.35    0.37    2.45 ^ input1/Z (gf180mcu_fd_sc_mcu7t5v0__clkbuf_1)
     2    0.02                           net1 (net)
                  0.35    0.00    2.45 ^ _0_/A1 (gf180mcu_fd_sc_mcu7t5v0__and2_1)
                  1.47    1.15    3.60 ^ _0_/Z (gf180mcu_fd_sc_mcu7t5v0__and2_1)
     1    0.07                           osc_out (net)
                  1.47    0.01    3.61 ^ osc_out (out)
                                  3.61   data arrival time

                  0.00   10.00   10.00   clock __VIRTUAL_CLK__ (rise edge)
                          0.00   10.00   clock network delay (ideal)
                         -0.25    9.75   clock uncertainty
                          0.00    9.75   clock reconvergence pessimism
                         -2.00    7.75   output external delay
                                  7.75   data required time
-----------------------------------------------------------------------------
                                  7.75   data required time
                                 -3.61   data arrival time
-----------------------------------------------------------------------------
                                  4.14   slack (MET)



===========================================================================
report_checks --slack_max -0.01
============================================================================
No paths found.
check_report_end
parastic_annotation_check

===========================================================================
report_parasitic_annotation -report_unannotated
============================================================================
Found 0 unannotated drivers.
Found 0 partially unannotated drivers.
parastic_annotation_check
check_slew

===========================================================================
 report_check_types -max_slew -max_cap -max_fanout -violators
============================================================================

===========================================================================
max slew violation count 0
max fanout violation count 0
max cap violation count 0
============================================================================
check_slew_end
tns_report

===========================================================================
 report_tns
============================================================================
tns 0.00
tns_report_end
wns_report

===========================================================================
 report_wns
============================================================================
wns 0.00
wns_report_end
worst_slack

===========================================================================
 report_worst_slack -max (Setup)
============================================================================
worst slack 4.14

===========================================================================
 report_worst_slack -min (Hold)
============================================================================
worst slack 4.90
worst_slack_end
power_report

===========================================================================
 report_power
============================================================================
Group                  Internal  Switching    Leakage      Total
                          Power      Power      Power      Power (Watts)
----------------------------------------------------------------
Sequential             0.00e+00   0.00e+00   0.00e+00   0.00e+00   0.0%
Combinational          2.82e-06   1.15e-05   4.68e-08   1.44e-05 100.0%
Macro                  0.00e+00   0.00e+00   0.00e+00   0.00e+00   0.0%
Pad                    0.00e+00   0.00e+00   0.00e+00   0.00e+00   0.0%
----------------------------------------------------------------
Total                  2.82e-06   1.15e-05   4.68e-08   1.44e-05 100.0%
                          19.7%      80.0%       0.3%
power_report_end
area_report

===========================================================================
 report_design_area
============================================================================
Design area 3346 u^2 11% utilization.
area_report_end
Setting global connections for newly added cells...
[WARNING] Did not save OpenROAD database!
Writing SDF to /usr/local/google/home/sachinnadig/MixedSignal_ENV/GF180_GAFE_1/digital/runs/RUN_2023.02.14_02.16.20/results/routing/mca/process_corner_nom/top.sdf...
Writing timing model to /usr/local/google/home/sachinnadig/MixedSignal_ENV/GF180_GAFE_1/digital/runs/RUN_2023.02.14_02.16.20/results/routing/mca/process_corner_nom/top.lib...
