OpenROAD 6cafde346882876ede12f949e26ba481afd82c0c 
This program is licensed under the BSD-3 license. See the LICENSE file for details.
Components of this program may be licensed under more restrictive licenses which must be honored.
[INFO ODB-0222] Reading LEF file: /usr/local/google/home/sachinnadig/MixedSignal_ENV/GF180_GAFE_1/digital/runs/RUN_2023.02.14_02.16.20/tmp/merged.nom.lef
[INFO ODB-0223]     Created 15 technology layers
[INFO ODB-0224]     Created 60 technology vias
[INFO ODB-0225]     Created 230 library cells
[INFO ODB-0226] Finished LEF file:  /usr/local/google/home/sachinnadig/MixedSignal_ENV/GF180_GAFE_1/digital/runs/RUN_2023.02.14_02.16.20/tmp/merged.nom.lef
[INFO ODB-0127] Reading DEF file: /usr/local/google/home/sachinnadig/MixedSignal_ENV/GF180_GAFE_1/digital/runs/RUN_2023.02.14_02.16.20/results/routing/top.def
[INFO ODB-0128] Design: top
[INFO ODB-0130]     Created 4 pins.
[INFO ODB-0131]     Created 930 components and 3157 component-terminals.
[INFO ODB-0132]     Created 2 special nets and 3148 connections.
[INFO ODB-0133]     Created 4 nets and 9 connections.
[INFO ODB-0134] Finished DEF file: /usr/local/google/home/sachinnadig/MixedSignal_ENV/GF180_GAFE_1/digital/runs/RUN_2023.02.14_02.16.20/results/routing/top.def
[INFO]: Setting RC values...
[INFO PSM-0002] Output voltage file is specified as: /usr/local/google/home/sachinnadig/MixedSignal_ENV/GF180_GAFE_1/digital/runs/RUN_2023.02.14_02.16.20/reports/signoff/27-irdrop.rpt.
[WARNING PSM-0016] Voltage pad location (VSRC) file not specified, defaulting pad location to checkerboard pattern on core area.
[WARNING PSM-0017] X direction bump pitch is not specified, defaulting to 140um.
[WARNING PSM-0018] Y direction bump pitch is not specified, defaulting to 140um.
[WARNING PSM-0019] Voltage on net VDD is not explicitly set.
[WARNING PSM-0022] Using voltage 0.000V for VDD network.
[WARNING PSM-0065] VSRC location not specified, using default checkerboard pattern with one VDD every size bumps in x-direction and one in two bumps in the y-direction
[INFO PSM-0076] Setting metal node density to be standard cell height times 5.
[WARNING PSM-0030] VSRC location at (99.960um, 99.960um) and size 10.000um, is not located on an existing power stripe node. Moving to closest node at (123.270um, 98.000um).
[INFO PSM-0031] Number of PDN nodes on net VDD = 516.
[INFO PSM-0064] Number of voltage sources = 1.
[INFO PSM-0040] All PDN stripes on net VDD are connected.
########## IR report #################
Worstcase voltage: -7.14e-08 V
Average IR drop  : 5.64e-08 V
Worstcase IR drop: 7.14e-08 V
######################################
