
Magic 8.3 revision 365 - Compiled on Fri Feb  3 23:18:26 UTC 2023.
Starting magic under Tcl interpreter
Using the terminal as the console.
Using NULL graphics device.
Processing system .magicrc file
Sourcing design .magicrc for technology gf180mcuC ...
10 Magic internal units = 1 Lambda
Input style import: scaleFactor=10, multiplier=2
/usr/local/google/home/sachinnadig/MixedSignal_ENV/silicon-env/share/pdk/gf180mcuC/libs.tech/magic/gf180mcuC.tech: line 3212: section extract:
	Illegal keyword.  Legal keywords are:
	 areacap contact cscale defaultareacap defaultoverlap defaultperimeter defaultsideoverlap defaultsidewall device fet fetresist fringeshieldhalo height antenna model tiedown lambda overlap perimc planeorder noplaneordering resist rscale sidehalo sideoverlap sidewall step style substrate units variants
The following types are not handled by extraction and will be treated as non-electrical types:
    obsactive mvobsactive filldiff fillpoly m1hole obsm1 fillm1 obsv1 m2hole obsm2 fillm2 obsv2 m3hole obsm3 fillm3 m4hole obsm4 fillm4 m5hole obsm5 fillm5 glass fillblock lvstext obscomment 
Scaled tech values by 10 / 1 to match internal grid scaling
Loading gf180mcuC Device Generator Menu ...
Using technology "gf180mcuC", version 1.0.391-0-g032b059
Reading LEF data from file /usr/local/google/home/sachinnadig/MixedSignal_ENV/silicon-env/share/pdk/gf180mcuC/libs.ref/gf180mcu_fd_sc_mcu7t5v0/techlef/gf180mcu_fd_sc_mcu7t5v0__nom.tlef.
This action cannot be undone.
LEF read, Line 88 (Message): Unknown keyword "MINWIDTH" in LEF file; ignoring.
LEF read, Line 95 (Message): Unknown keyword "ANTENNAMODEL" in LEF file; ignoring.
LEF read, Line 105 (Message): Unknown keyword "DENSITYCHECKWINDOW" in LEF file; ignoring.
LEF read, Line 106 (Message): Unknown keyword "DENSITYCHECKSTEP" in LEF file; ignoring.
LEF read, Line 120 (Message): Unknown keyword "ARRAYSPACING" in LEF file; ignoring.
LEF read, Line 125 (Message): Unknown keyword "ANTENNAMODEL" in LEF file; ignoring.
LEF read, Line 137 (Message): Unknown keyword "MINWIDTH" in LEF file; ignoring.
LEF read, Line 144 (Message): Unknown keyword "ANTENNAMODEL" in LEF file; ignoring.
LEF read, Line 145 (Message): Unknown keyword "ANTENNADIFFSIDEAREARATIO" in LEF file; ignoring.
LEF read, Line 146 (Message): Unknown keyword "ANTENNAGATEPLUSDIFF" in LEF file; ignoring.
LEF read, Line 155 (Message): Unknown keyword "DENSITYCHECKWINDOW" in LEF file; ignoring.
LEF read, Line 156 (Message): Unknown keyword "DENSITYCHECKSTEP" in LEF file; ignoring.
LEF read, Line 172 (Message): Unknown keyword "ARRAYSPACING" in LEF file; ignoring.
LEF read, Line 177 (Message): Unknown keyword "ANTENNAMODEL" in LEF file; ignoring.
LEF read, Line 189 (Message): Unknown keyword "MINWIDTH" in LEF file; ignoring.
LEF read, Line 196 (Message): Unknown keyword "ANTENNAMODEL" in LEF file; ignoring.
LEF read, Line 197 (Message): Unknown keyword "ANTENNADIFFSIDEAREARATIO" in LEF file; ignoring.
LEF read, Line 198 (Message): Unknown keyword "ANTENNAGATEPLUSDIFF" in LEF file; ignoring.
LEF read, Line 207 (Message): Unknown keyword "DENSITYCHECKWINDOW" in LEF file; ignoring.
LEF read, Line 208 (Message): Unknown keyword "DENSITYCHECKSTEP" in LEF file; ignoring.
LEF read, Line 224 (Message): Unknown keyword "ARRAYSPACING" in LEF file; ignoring.
LEF read, Line 229 (Message): Unknown keyword "ANTENNAMODEL" in LEF file; ignoring.
LEF read, Line 241 (Message): Unknown keyword "MINWIDTH" in LEF file; ignoring.
LEF read, Line 248 (Message): Unknown keyword "ANTENNAMODEL" in LEF file; ignoring.
LEF read, Line 249 (Message): Unknown keyword "ANTENNADIFFSIDEAREARATIO" in LEF file; ignoring.
LEF read, Line 250 (Message): Unknown keyword "ANTENNAGATEPLUSDIFF" in LEF file; ignoring.
LEF read, Line 259 (Message): Unknown keyword "DENSITYCHECKWINDOW" in LEF file; ignoring.
LEF read, Line 260 (Message): Unknown keyword "DENSITYCHECKSTEP" in LEF file; ignoring.
LEF read, Line 277 (Message): Unknown keyword "ARRAYSPACING" in LEF file; ignoring.
LEF read, Line 282 (Message): Unknown keyword "ANTENNAMODEL" in LEF file; ignoring.
LEF read, Line 296 (Message): Unknown keyword "MINWIDTH" in LEF file; ignoring.
LEF read, Line 308 (Message): Unknown keyword "ANTENNAMODEL" in LEF file; ignoring.
LEF read, Line 309 (Message): Unknown keyword "ANTENNADIFFSIDEAREARATIO" in LEF file; ignoring.
LEF read, Line 310 (Message): Unknown keyword "ANTENNAGATEPLUSDIFF" in LEF file; ignoring.
LEF read, Line 315 (Message): Unknown keyword "DENSITYCHECKWINDOW" in LEF file; ignoring.
LEF read, Line 316 (Message): Unknown keyword "DENSITYCHECKSTEP" in LEF file; ignoring.
LEF read: Processed 1380 lines.
Reading LEF data from file /usr/local/google/home/sachinnadig/MixedSignal_ENV/GF180_GAFE_1/digital/../TopLevel_oscillator.lef.
This action cannot be undone.
LEF read: Processed 46 lines.
Reading DEF data from file /usr/local/google/home/sachinnadig/MixedSignal_ENV/GF180_GAFE_1/digital/runs/RUN_2023.02.14_02.16.20/results/routing/top.def.
This action cannot be undone.
  Processed 6 vias total.
Scaled magic input cell gf180mcu_fd_sc_mcu7t5v0__fill_1 geometry by factor of 2
Scaled magic input cell gf180mcu_fd_sc_mcu7t5v0__fill_2 geometry by factor of 2
  Processed 930 subcell instances total.
  Processed 4 pins total.
  Processed 2 special nets total.
  Processed 4 nets total.
DEF read: Processed 1646 lines.
Root cell box:
           width x height  (   llx,  lly  ), (   urx,  ury  )  area (units^2)

microns:  200.000 x 200.000  ( 0.000,  0.000), ( 200.000,  200.000)  40000.000 
lambda:   4000.00 x 4000.00  (  0.00,  0.00 ), ( 4000.00,  4000.00)  16000000.00
internal:  40000 x 40000   (     0,  0    ), ( 40000,  40000)  1600000000
Warning: Calma reading is not undoable!  I hope that's OK.
Library written using GDS-II Release 6.0
Library name: LIB
Reading "TopLevel_oscillator".
Warning:  cell TopLevel_oscillator already existed before reading GDS!
   Generating output for cell gf180mcu_fd_sc_mcu7t5v0__filltie
   Generating output for cell gf180mcu_fd_sc_mcu7t5v0__endcap
   Generating output for cell gf180mcu_fd_sc_mcu7t5v0__fillcap_64
   Generating output for cell gf180mcu_fd_sc_mcu7t5v0__fillcap_32
   Generating output for cell gf180mcu_fd_sc_mcu7t5v0__fill_1
   Generating output for cell gf180mcu_fd_sc_mcu7t5v0__fillcap_4
   Generating output for cell gf180mcu_fd_sc_mcu7t5v0__fillcap_16
   Generating output for cell gf180mcu_fd_sc_mcu7t5v0__fillcap_8
   Generating output for cell gf180mcu_fd_sc_mcu7t5v0__fill_2
   Generating output for cell TopLevel_oscillator
   Generating output for cell gf180mcu_fd_sc_mcu7t5v0__antenna
   Generating output for cell gf180mcu_fd_sc_mcu7t5v0__and2_1
   Generating output for cell gf180mcu_fd_sc_mcu7t5v0__clkbuf_1
   Generating output for cell top
[INFO]: GDS Write Complete
