
Magic 8.3 revision 365 - Compiled on Fri Feb  3 23:18:26 UTC 2023.
Starting magic under Tcl interpreter
Using the terminal as the console.
Using NULL graphics device.
Processing system .magicrc file
Sourcing design .magicrc for technology gf180mcuC ...
10 Magic internal units = 1 Lambda
Input style import: scaleFactor=10, multiplier=2
/usr/local/google/home/sachinnadig/MixedSignal_ENV/silicon-env/share/pdk/gf180mcuC/libs.tech/magic/gf180mcuC.tech: line 3212: section extract:
	Illegal keyword.  Legal keywords are:
	 areacap contact cscale defaultareacap defaultoverlap defaultperimeter defaultsideoverlap defaultsidewall device fet fetresist fringeshieldhalo height antenna model tiedown lambda overlap perimc planeorder noplaneordering resist rscale sidehalo sideoverlap sidewall step style substrate units variants
The following types are not handled by extraction and will be treated as non-electrical types:
    obsactive mvobsactive filldiff fillpoly m1hole obsm1 fillm1 obsv1 m2hole obsm2 fillm2 obsv2 m3hole obsm3 fillm3 m4hole obsm4 fillm4 m5hole obsm5 fillm5 glass fillblock lvstext obscomment 
Scaled tech values by 10 / 1 to match internal grid scaling
Loading gf180mcuC Device Generator Menu ...
Using technology "gf180mcuC", version 1.0.391-0-g032b059
Reading LEF data from file /usr/local/google/home/sachinnadig/MixedSignal_ENV/silicon-env/share/pdk/gf180mcuC/libs.ref/gf180mcu_fd_sc_mcu7t5v0/techlef/gf180mcu_fd_sc_mcu7t5v0__nom.tlef.
This action cannot be undone.
LEF read, Line 88 (Message): Unknown keyword "MINWIDTH" in LEF file; ignoring.
LEF read, Line 95 (Message): Unknown keyword "ANTENNAMODEL" in LEF file; ignoring.
LEF read, Line 105 (Message): Unknown keyword "DENSITYCHECKWINDOW" in LEF file; ignoring.
LEF read, Line 106 (Message): Unknown keyword "DENSITYCHECKSTEP" in LEF file; ignoring.
LEF read, Line 120 (Message): Unknown keyword "ARRAYSPACING" in LEF file; ignoring.
LEF read, Line 125 (Message): Unknown keyword "ANTENNAMODEL" in LEF file; ignoring.
LEF read, Line 137 (Message): Unknown keyword "MINWIDTH" in LEF file; ignoring.
LEF read, Line 144 (Message): Unknown keyword "ANTENNAMODEL" in LEF file; ignoring.
LEF read, Line 145 (Message): Unknown keyword "ANTENNADIFFSIDEAREARATIO" in LEF file; ignoring.
LEF read, Line 146 (Message): Unknown keyword "ANTENNAGATEPLUSDIFF" in LEF file; ignoring.
LEF read, Line 155 (Message): Unknown keyword "DENSITYCHECKWINDOW" in LEF file; ignoring.
LEF read, Line 156 (Message): Unknown keyword "DENSITYCHECKSTEP" in LEF file; ignoring.
LEF read, Line 172 (Message): Unknown keyword "ARRAYSPACING" in LEF file; ignoring.
LEF read, Line 177 (Message): Unknown keyword "ANTENNAMODEL" in LEF file; ignoring.
LEF read, Line 189 (Message): Unknown keyword "MINWIDTH" in LEF file; ignoring.
LEF read, Line 196 (Message): Unknown keyword "ANTENNAMODEL" in LEF file; ignoring.
LEF read, Line 197 (Message): Unknown keyword "ANTENNADIFFSIDEAREARATIO" in LEF file; ignoring.
LEF read, Line 198 (Message): Unknown keyword "ANTENNAGATEPLUSDIFF" in LEF file; ignoring.
LEF read, Line 207 (Message): Unknown keyword "DENSITYCHECKWINDOW" in LEF file; ignoring.
LEF read, Line 208 (Message): Unknown keyword "DENSITYCHECKSTEP" in LEF file; ignoring.
LEF read, Line 224 (Message): Unknown keyword "ARRAYSPACING" in LEF file; ignoring.
LEF read, Line 229 (Message): Unknown keyword "ANTENNAMODEL" in LEF file; ignoring.
LEF read, Line 241 (Message): Unknown keyword "MINWIDTH" in LEF file; ignoring.
LEF read, Line 248 (Message): Unknown keyword "ANTENNAMODEL" in LEF file; ignoring.
LEF read, Line 249 (Message): Unknown keyword "ANTENNADIFFSIDEAREARATIO" in LEF file; ignoring.
LEF read, Line 250 (Message): Unknown keyword "ANTENNAGATEPLUSDIFF" in LEF file; ignoring.
LEF read, Line 259 (Message): Unknown keyword "DENSITYCHECKWINDOW" in LEF file; ignoring.
LEF read, Line 260 (Message): Unknown keyword "DENSITYCHECKSTEP" in LEF file; ignoring.
LEF read, Line 277 (Message): Unknown keyword "ARRAYSPACING" in LEF file; ignoring.
LEF read, Line 282 (Message): Unknown keyword "ANTENNAMODEL" in LEF file; ignoring.
LEF read, Line 296 (Message): Unknown keyword "MINWIDTH" in LEF file; ignoring.
LEF read, Line 308 (Message): Unknown keyword "ANTENNAMODEL" in LEF file; ignoring.
LEF read, Line 309 (Message): Unknown keyword "ANTENNADIFFSIDEAREARATIO" in LEF file; ignoring.
LEF read, Line 310 (Message): Unknown keyword "ANTENNAGATEPLUSDIFF" in LEF file; ignoring.
LEF read, Line 315 (Message): Unknown keyword "DENSITYCHECKWINDOW" in LEF file; ignoring.
LEF read, Line 316 (Message): Unknown keyword "DENSITYCHECKSTEP" in LEF file; ignoring.
LEF read: Processed 1380 lines.
Reading LEF data from file /usr/local/google/home/sachinnadig/MixedSignal_ENV/GF180_GAFE_1/digital/../TopLevel_oscillator.lef.
This action cannot be undone.
LEF read: Processed 46 lines.
Processing timestamp mismatches: TopLevel_oscillator.
[INFO]: Writing abstract LEF
Generating LEF output /usr/local/google/home/sachinnadig/MixedSignal_ENV/GF180_GAFE_1/digital/runs/RUN_2023.02.14_02.16.20/results/signoff/top.lef for cell top:
Diagnostic:  Write LEF header for cell top
Diagnostic:  Writing LEF output for cell top
Warning:  Parent cell lists instance of "gf180mcu_fd_sc_mcu7t5v0__clkbuf_1" at bad file path /usr/local/google/home/sachinnadig/MixedSignal_ENV/GF180_GAFE_1/digital/runs/RUN_2023.02.14_02.16.20/results/signoff/gf180mcu_fd_sc_mcu7t5v0__clkbuf_1.mag.
The cell exists in the search paths at /usr/local/google/home/sachinnadig/MixedSignal_ENV/silicon-env/share/pdk/gf180mcuC/libs.ref/gf180mcu_fd_sc_mcu7t5v0/maglef/gf180mcu_fd_sc_mcu7t5v0__clkbuf_1.mag.
The discovered version will be used.
Warning:  Parent cell lists instance of "gf180mcu_fd_sc_mcu7t5v0__and2_1" at bad file path /usr/local/google/home/sachinnadig/MixedSignal_ENV/GF180_GAFE_1/digital/runs/RUN_2023.02.14_02.16.20/results/signoff/gf180mcu_fd_sc_mcu7t5v0__and2_1.mag.
The cell exists in the search paths at /usr/local/google/home/sachinnadig/MixedSignal_ENV/silicon-env/share/pdk/gf180mcuC/libs.ref/gf180mcu_fd_sc_mcu7t5v0/maglef/gf180mcu_fd_sc_mcu7t5v0__and2_1.mag.
The discovered version will be used.
Warning:  Parent cell lists instance of "gf180mcu_fd_sc_mcu7t5v0__filltie" at bad file path /usr/local/google/home/sachinnadig/MixedSignal_ENV/GF180_GAFE_1/digital/runs/RUN_2023.02.14_02.16.20/results/signoff/gf180mcu_fd_sc_mcu7t5v0__filltie.mag.
The cell exists in the search paths at /usr/local/google/home/sachinnadig/MixedSignal_ENV/silicon-env/share/pdk/gf180mcuC/libs.ref/gf180mcu_fd_sc_mcu7t5v0/maglef/gf180mcu_fd_sc_mcu7t5v0__filltie.mag.
The discovered version will be used.
Warning:  Parent cell lists instance of "gf180mcu_fd_sc_mcu7t5v0__endcap" at bad file path /usr/local/google/home/sachinnadig/MixedSignal_ENV/GF180_GAFE_1/digital/runs/RUN_2023.02.14_02.16.20/results/signoff/gf180mcu_fd_sc_mcu7t5v0__endcap.mag.
The cell exists in the search paths at /usr/local/google/home/sachinnadig/MixedSignal_ENV/silicon-env/share/pdk/gf180mcuC/libs.ref/gf180mcu_fd_sc_mcu7t5v0/maglef/gf180mcu_fd_sc_mcu7t5v0__endcap.mag.
The discovered version will be used.
Scaled magic input cell gf180mcu_fd_sc_mcu7t5v0__endcap geometry by factor of 2
Warning:  Parent cell lists instance of "gf180mcu_fd_sc_mcu7t5v0__fill_2" at bad file path /usr/local/google/home/sachinnadig/MixedSignal_ENV/GF180_GAFE_1/digital/runs/RUN_2023.02.14_02.16.20/results/signoff/gf180mcu_fd_sc_mcu7t5v0__fill_2.mag.
The cell exists in the search paths at /usr/local/google/home/sachinnadig/MixedSignal_ENV/silicon-env/share/pdk/gf180mcuC/libs.ref/gf180mcu_fd_sc_mcu7t5v0/maglef/gf180mcu_fd_sc_mcu7t5v0__fill_2.mag.
The discovered version will be used.
Scaled magic input cell gf180mcu_fd_sc_mcu7t5v0__fill_2 geometry by factor of 2
Warning:  Parent cell lists instance of "gf180mcu_fd_sc_mcu7t5v0__fillcap_4" at bad file path /usr/local/google/home/sachinnadig/MixedSignal_ENV/GF180_GAFE_1/digital/runs/RUN_2023.02.14_02.16.20/results/signoff/gf180mcu_fd_sc_mcu7t5v0__fillcap_4.mag.
The cell exists in the search paths at /usr/local/google/home/sachinnadig/MixedSignal_ENV/silicon-env/share/pdk/gf180mcuC/libs.ref/gf180mcu_fd_sc_mcu7t5v0/maglef/gf180mcu_fd_sc_mcu7t5v0__fillcap_4.mag.
The discovered version will be used.
Warning:  Parent cell lists instance of "gf180mcu_fd_sc_mcu7t5v0__fillcap_8" at bad file path /usr/local/google/home/sachinnadig/MixedSignal_ENV/GF180_GAFE_1/digital/runs/RUN_2023.02.14_02.16.20/results/signoff/gf180mcu_fd_sc_mcu7t5v0__fillcap_8.mag.
The cell exists in the search paths at /usr/local/google/home/sachinnadig/MixedSignal_ENV/silicon-env/share/pdk/gf180mcuC/libs.ref/gf180mcu_fd_sc_mcu7t5v0/maglef/gf180mcu_fd_sc_mcu7t5v0__fillcap_8.mag.
The discovered version will be used.
Warning:  Parent cell lists instance of "gf180mcu_fd_sc_mcu7t5v0__fill_1" at bad file path /usr/local/google/home/sachinnadig/MixedSignal_ENV/GF180_GAFE_1/digital/runs/RUN_2023.02.14_02.16.20/results/signoff/gf180mcu_fd_sc_mcu7t5v0__fill_1.mag.
The cell exists in the search paths at /usr/local/google/home/sachinnadig/MixedSignal_ENV/silicon-env/share/pdk/gf180mcuC/libs.ref/gf180mcu_fd_sc_mcu7t5v0/maglef/gf180mcu_fd_sc_mcu7t5v0__fill_1.mag.
The discovered version will be used.
Scaled magic input cell gf180mcu_fd_sc_mcu7t5v0__fill_1 geometry by factor of 2
Warning:  Parent cell lists instance of "gf180mcu_fd_sc_mcu7t5v0__fillcap_16" at bad file path /usr/local/google/home/sachinnadig/MixedSignal_ENV/GF180_GAFE_1/digital/runs/RUN_2023.02.14_02.16.20/results/signoff/gf180mcu_fd_sc_mcu7t5v0__fillcap_16.mag.
The cell exists in the search paths at /usr/local/google/home/sachinnadig/MixedSignal_ENV/silicon-env/share/pdk/gf180mcuC/libs.ref/gf180mcu_fd_sc_mcu7t5v0/maglef/gf180mcu_fd_sc_mcu7t5v0__fillcap_16.mag.
The discovered version will be used.
Warning:  Parent cell lists instance of "gf180mcu_fd_sc_mcu7t5v0__fillcap_32" at bad file path /usr/local/google/home/sachinnadig/MixedSignal_ENV/GF180_GAFE_1/digital/runs/RUN_2023.02.14_02.16.20/results/signoff/gf180mcu_fd_sc_mcu7t5v0__fillcap_32.mag.
The cell exists in the search paths at /usr/local/google/home/sachinnadig/MixedSignal_ENV/silicon-env/share/pdk/gf180mcuC/libs.ref/gf180mcu_fd_sc_mcu7t5v0/maglef/gf180mcu_fd_sc_mcu7t5v0__fillcap_32.mag.
The discovered version will be used.
Warning:  Parent cell lists instance of "gf180mcu_fd_sc_mcu7t5v0__fillcap_64" at bad file path /usr/local/google/home/sachinnadig/MixedSignal_ENV/GF180_GAFE_1/digital/runs/RUN_2023.02.14_02.16.20/results/signoff/gf180mcu_fd_sc_mcu7t5v0__fillcap_64.mag.
The cell exists in the search paths at /usr/local/google/home/sachinnadig/MixedSignal_ENV/silicon-env/share/pdk/gf180mcuC/libs.ref/gf180mcu_fd_sc_mcu7t5v0/maglef/gf180mcu_fd_sc_mcu7t5v0__fillcap_64.mag.
The discovered version will be used.
Warning:  Parent cell lists instance of "gf180mcu_fd_sc_mcu7t5v0__antenna" at bad file path /usr/local/google/home/sachinnadig/MixedSignal_ENV/GF180_GAFE_1/digital/runs/RUN_2023.02.14_02.16.20/results/signoff/gf180mcu_fd_sc_mcu7t5v0__antenna.mag.
The cell exists in the search paths at /usr/local/google/home/sachinnadig/MixedSignal_ENV/silicon-env/share/pdk/gf180mcuC/libs.ref/gf180mcu_fd_sc_mcu7t5v0/maglef/gf180mcu_fd_sc_mcu7t5v0__antenna.mag.
The discovered version will be used.
Diagnostic:  Scale value is 0.005000
[INFO]: LEF Write Complete
