
Magic 8.3 revision 365 - Compiled on Fri Feb  3 23:18:26 UTC 2023.
Starting magic under Tcl interpreter
Using the terminal as the console.
Using NULL graphics device.
Processing system .magicrc file
Sourcing design .magicrc for technology gf180mcuC ...
10 Magic internal units = 1 Lambda
Input style import: scaleFactor=10, multiplier=2
/usr/local/google/home/sachinnadig/MixedSignal_ENV/silicon-env/share/pdk/gf180mcuC/libs.tech/magic/gf180mcuC.tech: line 3212: section extract:
	Illegal keyword.  Legal keywords are:
	 areacap contact cscale defaultareacap defaultoverlap defaultperimeter defaultsideoverlap defaultsidewall device fet fetresist fringeshieldhalo height antenna model tiedown lambda overlap perimc planeorder noplaneordering resist rscale sidehalo sideoverlap sidewall step style substrate units variants
The following types are not handled by extraction and will be treated as non-electrical types:
    obsactive mvobsactive filldiff fillpoly m1hole obsm1 fillm1 obsv1 m2hole obsm2 fillm2 obsv2 m3hole obsm3 fillm3 m4hole obsm4 fillm4 m5hole obsm5 fillm5 glass fillblock lvstext obscomment 
Scaled tech values by 10 / 1 to match internal grid scaling
Loading gf180mcuC Device Generator Menu ...
Using technology "gf180mcuC", version 1.0.391-0-g032b059
Reading LEF data from file /usr/local/google/home/sachinnadig/MixedSignal_ENV/GF180_GAFE_1/digital/runs/RUN_2023.02.14_02.16.20/results/signoff/top.lef.
This action cannot be undone.
LEF read: Processed 81 lines.
[INFO]: DONE GENERATING MAGLEF VIEW
