OpenROAD 6cafde346882876ede12f949e26ba481afd82c0c 
This program is licensed under the BSD-3 license. See the LICENSE file for details.
Components of this program may be licensed under more restrictive licenses which must be honored.
Placement Analysis
---------------------------------
total displacement          4.5 u
average displacement        0.0 u
max displacement            3.4 u
original HPWL             455.9 u
legalized HPWL            465.4 u
delta HPWL                    2 %

[INFO DPL-0020] Mirrored 3 instances
[INFO DPL-0021] HPWL before             465.4 u
[INFO DPL-0022] HPWL after              455.9 u
[INFO DPL-0023] HPWL delta               -2.1 %
Setting global connections for newly added cells...
Writing OpenROAD database to /usr/local/google/home/sachinnadig/MixedSignal_ENV/GF180_GAFE_1/digital/runs/RUN_2023.02.14_02.16.20/tmp/routing/diodes.odb...
Writing netlist to /usr/local/google/home/sachinnadig/MixedSignal_ENV/GF180_GAFE_1/digital/runs/RUN_2023.02.14_02.16.20/tmp/routing/diodes.nl.v...
Writing powered netlist to /usr/local/google/home/sachinnadig/MixedSignal_ENV/GF180_GAFE_1/digital/runs/RUN_2023.02.14_02.16.20/tmp/routing/diodes.pnl.v...
Writing layout to /usr/local/google/home/sachinnadig/MixedSignal_ENV/GF180_GAFE_1/digital/runs/RUN_2023.02.14_02.16.20/tmp/routing/diodes.def...
