OpenROAD 6cafde346882876ede12f949e26ba481afd82c0c 
This program is licensed under the BSD-3 license. See the LICENSE file for details.
Components of this program may be licensed under more restrictive licenses which must be honored.
[INFO ORD-0030] Using 2 thread(s).
[INFO DRT-0149] Reading tech and libs.
[WARNING DRT-0140] SpacingRange unsupported.
[WARNING DRT-0140] SpacingRange unsupported.
[WARNING DRT-0140] SpacingRange unsupported.
[WARNING DRT-0140] SpacingRange unsupported.
[WARNING DRT-0140] SpacingRange unsupported.

Units:                2000
Number of layers:     11
Number of macros:     230
Number of vias:       60
Number of viarulegen: 18

[INFO DRT-0150] Reading design.

Design:                   top
Die area:                 ( 0 0 ) ( 400000 400000 )
Number of track patterns: 10
Number of DEF vias:       6
Number of components:     930
Number of terminals:      4
Number of snets:          2
Number of nets:           4

[INFO DRT-0167] List of default vias:
  Layer Via1
    default via: Via1_HV
  Layer Via2
    default via: Via2_VH
  Layer Via3
    default via: Via3_HV
  Layer Via4
    default via: Via4_1_VH
[INFO DRT-0162] Library cell analysis.
[INFO DRT-0163] Instance analysis.
[INFO DRT-0164] Number of unique instances = 25.
[INFO DRT-0168] Init region query.
[INFO DRT-0024]   Complete Poly2.
[INFO DRT-0024]   Complete CON.
[INFO DRT-0024]   Complete Metal1.
[INFO DRT-0024]   Complete Via1.
[INFO DRT-0024]   Complete Metal2.
[INFO DRT-0024]   Complete Via2.
[INFO DRT-0024]   Complete Metal3.
[INFO DRT-0024]   Complete Via3.
[INFO DRT-0024]   Complete Metal4.
[INFO DRT-0024]   Complete Via4.
[INFO DRT-0024]   Complete Metal5.
[INFO DRT-0033] Poly2 shape region query size = 0.
[INFO DRT-0033] CON shape region query size = 0.
[INFO DRT-0033] Metal1 shape region query size = 19484.
[INFO DRT-0033] Via1 shape region query size = 468.
[INFO DRT-0033] Metal2 shape region query size = 328.
[INFO DRT-0033] Via2 shape region query size = 468.
[INFO DRT-0033] Metal3 shape region query size = 326.
[INFO DRT-0033] Via3 shape region query size = 468.
[INFO DRT-0033] Metal4 shape region query size = 178.
[INFO DRT-0033] Via4 shape region query size = 0.
[INFO DRT-0033] Metal5 shape region query size = 0.
[INFO DRT-0165] Start pin access.
[INFO DRT-0078]   Complete 8 pins.
[INFO DRT-0081]   Complete 4 unique inst patterns.
[INFO DRT-0084]   Complete 5 groups.
#scanned instances     = 930
#unique  instances     = 25
#stdCellGenAp          = 27
#stdCellValidPlanarAp  = 0
#stdCellValidViaAp     = 27
#stdCellPinNoAp        = 0
#stdCellPinCnt         = 5
#instTermValidViaApCnt = 0
#macroGenAp            = 320
#macroValidPlanarAp    = 320
#macroValidViaAp       = 320
#macroNoAp             = 0
[INFO DRT-0166] Complete pin access.
[INFO DRT-0267] cpu time = 00:00:00, elapsed time = 00:00:00, memory = 106.99 (MB), peak = 107.07 (MB)

Number of guides:     31

[INFO DRT-0169] Post process guides.
[INFO DRT-0176] GCELLGRID X 0 DO 23 STEP 16800 ;
[INFO DRT-0177] GCELLGRID Y 0 DO 23 STEP 16800 ;
[INFO DRT-0028]   Complete Poly2.
[INFO DRT-0028]   Complete CON.
[INFO DRT-0028]   Complete Metal1.
[INFO DRT-0028]   Complete Via1.
[INFO DRT-0028]   Complete Metal2.
[INFO DRT-0028]   Complete Via2.
[INFO DRT-0028]   Complete Metal3.
[INFO DRT-0028]   Complete Via3.
[INFO DRT-0028]   Complete Metal4.
[INFO DRT-0028]   Complete Via4.
[INFO DRT-0028]   Complete Metal5.
[INFO DRT-0178] Init guide query.
[INFO DRT-0035]   Complete Poly2 (guide).
[INFO DRT-0035]   Complete CON (guide).
[INFO DRT-0035]   Complete Metal1 (guide).
[INFO DRT-0035]   Complete Via1 (guide).
[INFO DRT-0035]   Complete Metal2 (guide).
[INFO DRT-0035]   Complete Via2 (guide).
[INFO DRT-0035]   Complete Metal3 (guide).
[INFO DRT-0035]   Complete Via3 (guide).
[INFO DRT-0035]   Complete Metal4 (guide).
[INFO DRT-0035]   Complete Via4 (guide).
[INFO DRT-0035]   Complete Metal5 (guide).
[INFO DRT-0036] Poly2 guide region query size = 0.
[INFO DRT-0036] CON guide region query size = 0.
[INFO DRT-0036] Metal1 guide region query size = 7.
[INFO DRT-0036] Via1 guide region query size = 0.
[INFO DRT-0036] Metal2 guide region query size = 9.
[INFO DRT-0036] Via2 guide region query size = 0.
[INFO DRT-0036] Metal3 guide region query size = 5.
[INFO DRT-0036] Via3 guide region query size = 0.
[INFO DRT-0036] Metal4 guide region query size = 0.
[INFO DRT-0036] Via4 guide region query size = 0.
[INFO DRT-0036] Metal5 guide region query size = 0.
[INFO DRT-0179] Init gr pin query.
[INFO DRT-0245] skipped writing guide updates to database.
[INFO DRT-0185] Post process initialize RPin region query.
[INFO DRT-0181] Start track assignment.
[INFO DRT-0184] Done with 9 vertical wires in 1 frboxes and 12 horizontal wires in 1 frboxes.
[INFO DRT-0186] Done with 0 vertical wires in 1 frboxes and 1 horizontal wires in 1 frboxes.
[INFO DRT-0182] Complete track assignment.
[INFO DRT-0267] cpu time = 00:00:00, elapsed time = 00:00:00, memory = 109.34 (MB), peak = 112.41 (MB)
[INFO DRT-0187] Start routing data preparation.
[INFO DRT-0267] cpu time = 00:00:00, elapsed time = 00:00:00, memory = 109.34 (MB), peak = 112.41 (MB)
[INFO DRT-0194] Start detail routing.
[INFO DRT-0195] Start 0th optimization iteration.
    Completing 10% with 0 violations.
    elapsed time = 00:00:00, memory = 122.25 (MB).
    Completing 20% with 0 violations.
    elapsed time = 00:00:00, memory = 131.27 (MB).
    Completing 30% with 0 violations.
    elapsed time = 00:00:00, memory = 131.27 (MB).
    Completing 40% with 0 violations.
    elapsed time = 00:00:00, memory = 131.27 (MB).
    Completing 50% with 0 violations.
    elapsed time = 00:00:00, memory = 131.27 (MB).
    Completing 60% with 0 violations.
    elapsed time = 00:00:00, memory = 131.27 (MB).
    Completing 70% with 0 violations.
    elapsed time = 00:00:00, memory = 131.27 (MB).
    Completing 80% with 0 violations.
    elapsed time = 00:00:00, memory = 131.27 (MB).
    Completing 90% with 0 violations.
    elapsed time = 00:00:00, memory = 131.27 (MB).
    Completing 100% with 0 violations.
    elapsed time = 00:00:00, memory = 131.27 (MB).
[INFO DRT-0199]   Number of violations = 0.
[INFO DRT-0267] cpu time = 00:00:01, elapsed time = 00:00:00, memory = 393.32 (MB), peak = 432.30 (MB)
Total wire length = 447 um.
Total wire length on LAYER Metal1 = 0 um.
Total wire length on LAYER Metal2 = 231 um.
Total wire length on LAYER Metal3 = 216 um.
Total wire length on LAYER Metal4 = 0 um.
Total wire length on LAYER Metal5 = 0 um.
Total number of vias = 19.
Up-via summary (total 19):.

-------------
  Poly2     0
 Metal1     9
 Metal2    10
 Metal3     0
 Metal4     0
-------------
           19


[INFO DRT-0198] Complete detail routing.
Total wire length = 447 um.
Total wire length on LAYER Metal1 = 0 um.
Total wire length on LAYER Metal2 = 231 um.
Total wire length on LAYER Metal3 = 216 um.
Total wire length on LAYER Metal4 = 0 um.
Total wire length on LAYER Metal5 = 0 um.
Total number of vias = 19.
Up-via summary (total 19):.

-------------
  Poly2     0
 Metal1     9
 Metal2    10
 Metal3     0
 Metal4     0
-------------
           19


[INFO DRT-0267] cpu time = 00:00:01, elapsed time = 00:00:00, memory = 393.32 (MB), peak = 432.30 (MB)

[INFO DRT-0180] Post processing.
Setting global connections for newly added cells...
Writing OpenROAD database to /usr/local/google/home/sachinnadig/MixedSignal_ENV/GF180_GAFE_1/digital/runs/RUN_2023.02.14_02.16.20/results/routing/top.odb...
Writing netlist to /usr/local/google/home/sachinnadig/MixedSignal_ENV/GF180_GAFE_1/digital/runs/RUN_2023.02.14_02.16.20/results/routing/top.nl.v...
Writing powered netlist to /usr/local/google/home/sachinnadig/MixedSignal_ENV/GF180_GAFE_1/digital/runs/RUN_2023.02.14_02.16.20/results/routing/top.pnl.v...
Writing layout to /usr/local/google/home/sachinnadig/MixedSignal_ENV/GF180_GAFE_1/digital/runs/RUN_2023.02.14_02.16.20/results/routing/top.def...
