Instance name,  X location,  Y location,  Voltage 
FILLER_42_279, 169.89, 184.24, -5.85418e-08
FILLER_42_282, 169.89, 184.24, -5.85418e-08
TAP_283, 169.89, 184.24, -5.85418e-08
FILLER_41_279, 169.89, 176.4, -6.0012e-08
FILLER_41_283, 169.89, 176.4, -6.0012e-08
FILLER_41_286, 169.89, 176.4, -6.0012e-08
FILLER_42_298, 169.89, 176.4, -6.0012e-08
TAP_275, 169.89, 176.4, -6.0012e-08
input1, 169.89, 176.4, -6.0012e-08
FILLER_39_279, 169.89, 168.56, -5.92292e-08
FILLER_39_283, 169.89, 168.56, -5.92292e-08
FILLER_39_286, 169.89, 168.56, -5.92292e-08
TAP_266, 169.89, 168.56, -5.92292e-08
FILLER_37_279, 169.89, 160.72, -5.85404e-08
FILLER_37_283, 169.89, 160.72, -5.85404e-08
FILLER_37_286, 169.89, 160.72, -5.85404e-08
TAP_257, 169.89, 160.72, -5.85404e-08
FILLER_35_279, 169.89, 152.88, -5.75998e-08
FILLER_35_283, 169.89, 152.88, -5.75998e-08
FILLER_35_286, 169.89, 152.88, -5.75998e-08
TAP_248, 169.89, 152.88, -5.75998e-08
FILLER_33_279, 169.89, 145.04, -5.64164e-08
FILLER_33_283, 169.89, 145.04, -5.64164e-08
FILLER_33_286, 169.89, 145.04, -5.64164e-08
TAP_239, 169.89, 145.04, -5.64164e-08
FILLER_31_279, 169.89, 137.2, -5.50026e-08
FILLER_31_283, 169.89, 137.2, -5.50026e-08
FILLER_31_286, 169.89, 137.2, -5.50026e-08
TAP_230, 169.89, 137.2, -5.50026e-08
FILLER_29_279, 169.89, 129.36, -5.33759e-08
FILLER_29_283, 169.89, 129.36, -5.33759e-08
FILLER_29_286, 169.89, 129.36, -5.33759e-08
TAP_221, 169.89, 129.36, -5.33759e-08
FILLER_27_279, 169.89, 121.52, -5.156e-08
FILLER_27_283, 169.89, 121.52, -5.156e-08
FILLER_27_286, 169.89, 121.52, -5.156e-08
TAP_212, 169.89, 121.52, -5.156e-08
FILLER_25_279, 169.89, 113.68, -4.95874e-08
FILLER_25_283, 169.89, 113.68, -4.95874e-08
FILLER_25_286, 169.89, 113.68, -4.95874e-08
TAP_203, 169.89, 113.68, -4.95874e-08
FILLER_23_279, 169.89, 105.84, -4.75016e-08
FILLER_23_283, 169.89, 105.84, -4.75016e-08
FILLER_23_286, 169.89, 105.84, -4.75016e-08
TAP_194, 169.89, 105.84, -4.75016e-08
FILLER_21_279, 169.89, 98, -4.55693e-08
FILLER_21_283, 169.89, 98, -4.55693e-08
FILLER_21_286, 169.89, 98, -4.55693e-08
TAP_185, 169.89, 98, -4.55693e-08
FILLER_19_279, 169.89, 90.16, -4.87574e-08
FILLER_19_282, 169.89, 90.16, -4.87574e-08
TAP_175, 169.89, 90.16, -4.87574e-08
FILLER_17_300, 169.89, 82.32, -5.96305e-08
FILLER_15_300, 169.89, 74.48, -6.17862e-08
FILLER_13_300, 169.89, 66.64, -6.28919e-08
FILLER_11_300, 169.89, 58.8, -6.36228e-08
FILLER_9_300, 169.89, 50.96, -6.39788e-08
FILLER_7_300, 169.89, 43.12, -6.39599e-08
FILLER_5_279, 169.89, 35.28, -5.7399e-08
FILLER_5_282, 169.89, 35.28, -5.7399e-08
TAP_146, 169.89, 35.28, -5.7399e-08
FILLER_3_279, 169.89, 27.44, -5.77939e-08
FILLER_3_283, 169.89, 27.44, -5.77939e-08
FILLER_3_286, 169.89, 27.44, -5.77939e-08
TAP_133, 169.89, 27.44, -5.77939e-08
FILLER_0_279, 169.89, 19.6, -5.96942e-08
FILLER_0_282, 169.89, 19.6, -5.96942e-08
FILLER_1_279, 169.89, 19.6, -5.96942e-08
FILLER_1_283, 169.89, 19.6, -5.96942e-08
FILLER_1_286, 169.89, 19.6, -5.96942e-08
TAP_119, 169.89, 19.6, -5.96942e-08
TAP_124, 169.89, 19.6, -5.96942e-08
FILLER_41_208, 123.27, 176.4, -5.74628e-08
FILLER_41_212, 123.27, 176.4, -5.74628e-08
FILLER_41_215, 123.27, 176.4, -5.74628e-08
FILLER_42_209, 123.27, 176.4, -5.74628e-08
FILLER_42_212, 123.27, 176.4, -5.74628e-08
TAP_274, 123.27, 176.4, -5.74628e-08
TAP_281, 123.27, 176.4, -5.74628e-08
FILLER_39_208, 123.27, 168.56, -5.6387e-08
FILLER_39_212, 123.27, 168.56, -5.6387e-08
FILLER_39_215, 123.27, 168.56, -5.6387e-08
TAP_265, 123.27, 168.56, -5.6387e-08
FILLER_37_208, 123.27, 160.72, -5.53217e-08
FILLER_37_212, 123.27, 160.72, -5.53217e-08
FILLER_37_215, 123.27, 160.72, -5.53217e-08
TAP_256, 123.27, 160.72, -5.53217e-08
FILLER_35_208, 123.27, 152.88, -5.38351e-08
FILLER_35_212, 123.27, 152.88, -5.38351e-08
FILLER_35_215, 123.27, 152.88, -5.38351e-08
TAP_247, 123.27, 152.88, -5.38351e-08
FILLER_33_208, 123.27, 145.04, -5.18961e-08
FILLER_33_212, 123.27, 145.04, -5.18961e-08
FILLER_33_215, 123.27, 145.04, -5.18961e-08
TAP_238, 123.27, 145.04, -5.18961e-08
FILLER_31_208, 123.27, 137.2, -4.94627e-08
FILLER_31_212, 123.27, 137.2, -4.94627e-08
FILLER_31_215, 123.27, 137.2, -4.94627e-08
TAP_229, 123.27, 137.2, -4.94627e-08
FILLER_29_208, 123.27, 129.36, -4.64792e-08
FILLER_29_212, 123.27, 129.36, -4.64792e-08
FILLER_29_215, 123.27, 129.36, -4.64792e-08
TAP_220, 123.27, 129.36, -4.64792e-08
FILLER_27_208, 123.27, 121.52, -4.28738e-08
FILLER_27_212, 123.27, 121.52, -4.28738e-08
FILLER_27_215, 123.27, 121.52, -4.28738e-08
TAP_211, 123.27, 121.52, -4.28738e-08
FILLER_25_208, 123.27, 113.68, -3.85536e-08
FILLER_25_212, 123.27, 113.68, -3.85536e-08
FILLER_25_215, 123.27, 113.68, -3.85536e-08
TAP_202, 123.27, 113.68, -3.85536e-08
FILLER_23_208, 123.27, 105.84, -3.33998e-08
FILLER_23_212, 123.27, 105.84, -3.33998e-08
FILLER_23_215, 123.27, 105.84, -3.33998e-08
TAP_193, 123.27, 105.84, -3.33998e-08
FILLER_21_208, 123.27, 98, -2.7793e-08
FILLER_21_212, 123.27, 98, -2.7793e-08
FILLER_21_215, 123.27, 98, -2.7793e-08
TAP_184, 123.27, 98, -2.7793e-08
FILLER_19_209, 123.27, 90.16, -3.21936e-08
FILLER_19_212, 123.27, 90.16, -3.21936e-08
TAP_173, 123.27, 90.16, -3.21936e-08
FILLER_5_209, 123.27, 35.28, -4.83981e-08
FILLER_5_212, 123.27, 35.28, -4.83981e-08
TAP_144, 123.27, 35.28, -4.83981e-08
FILLER_3_208, 123.27, 27.44, -4.95453e-08
FILLER_3_212, 123.27, 27.44, -4.95453e-08
FILLER_3_215, 123.27, 27.44, -4.95453e-08
TAP_132, 123.27, 27.44, -4.95453e-08
FILLER_0_209, 123.27, 19.6, -5.1585e-08
FILLER_0_212, 123.27, 19.6, -5.1585e-08
FILLER_1_208, 123.27, 19.6, -5.1585e-08
FILLER_1_212, 123.27, 19.6, -5.1585e-08
FILLER_1_215, 123.27, 19.6, -5.1585e-08
TAP_117, 123.27, 19.6, -5.1585e-08
TAP_123, 123.27, 19.6, -5.1585e-08
FILLER_41_137, 76.65, 176.4, -6.02127e-08
FILLER_39_137, 76.65, 168.56, -5.97094e-08
FILLER_37_137, 76.65, 160.72, -5.91641e-08
FILLER_35_137, 76.65, 152.88, -5.84078e-08
FILLER_33_137, 76.65, 145.04, -5.74463e-08
FILLER_31_137, 76.65, 137.2, -5.62873e-08
FILLER_29_137, 76.65, 129.36, -5.4941e-08
FILLER_27_137, 76.65, 121.52, -5.34212e-08
FILLER_25_137, 76.65, 113.68, -5.17454e-08
FILLER_23_137, 76.65, 105.84, -4.9937e-08
FILLER_21_137, 76.65, 98, -4.85449e-08
FILLER_3_137, 76.65, 27.44, -5.76301e-08
FILLER_1_137, 76.65, 19.6, -5.90614e-08
FILLER_42_34, 30.03, 184.24, -6.13942e-08
FILLER_42_37, 30.03, 184.24, -6.13942e-08
TAP_276, 30.03, 184.24, -6.13942e-08
FILLER_40_34, 30.03, 176.4, -6.29623e-08
FILLER_40_37, 30.03, 176.4, -6.29623e-08
TAP_267, 30.03, 176.4, -6.29623e-08
FILLER_38_34, 30.03, 168.56, -6.26074e-08
FILLER_38_37, 30.03, 168.56, -6.26074e-08
TAP_258, 30.03, 168.56, -6.26074e-08
FILLER_36_34, 30.03, 160.72, -6.23367e-08
FILLER_36_37, 30.03, 160.72, -6.23367e-08
TAP_249, 30.03, 160.72, -6.23367e-08
FILLER_34_34, 30.03, 152.88, -6.19574e-08
FILLER_34_37, 30.03, 152.88, -6.19574e-08
TAP_240, 30.03, 152.88, -6.19574e-08
FILLER_32_34, 30.03, 145.04, -6.14864e-08
FILLER_32_37, 30.03, 145.04, -6.14864e-08
TAP_231, 30.03, 145.04, -6.14864e-08
FILLER_30_34, 30.03, 137.2, -6.09456e-08
FILLER_30_37, 30.03, 137.2, -6.09456e-08
TAP_222, 30.03, 137.2, -6.09456e-08
FILLER_28_34, 30.03, 129.36, -6.03625e-08
FILLER_28_37, 30.03, 129.36, -6.03625e-08
TAP_213, 30.03, 129.36, -6.03625e-08
FILLER_26_34, 30.03, 121.52, -5.9772e-08
FILLER_26_37, 30.03, 121.52, -5.9772e-08
TAP_204, 30.03, 121.52, -5.9772e-08
FILLER_24_34, 30.03, 113.68, -5.92164e-08
FILLER_24_37, 30.03, 113.68, -5.92164e-08
TAP_195, 30.03, 113.68, -5.92164e-08
FILLER_22_34, 30.03, 105.84, -5.87481e-08
FILLER_22_37, 30.03, 105.84, -5.87481e-08
TAP_186, 30.03, 105.84, -5.87481e-08
FILLER_20_34, 30.03, 98, -5.86332e-08
FILLER_20_37, 30.03, 98, -5.86332e-08
TAP_177, 30.03, 98, -5.86332e-08
FILLER_18_34, 30.03, 90.16, -6.0559e-08
FILLER_18_37, 30.03, 90.16, -6.0559e-08
FILLER_19_34, 30.03, 90.16, -6.0559e-08
FILLER_19_37, 30.03, 90.16, -6.0559e-08
TAP_166, 30.03, 90.16, -6.0559e-08
TAP_168, 30.03, 90.16, -6.0559e-08
FILLER_16_34, 30.03, 82.32, -6.87643e-08
FILLER_16_37, 30.03, 82.32, -6.87643e-08
FILLER_17_34, 30.03, 82.32, -6.87643e-08
FILLER_17_50, 30.03, 82.32, -6.87643e-08
TAP_163, 30.03, 82.32, -6.87643e-08
FILLER_14_34, 30.03, 74.48, -6.93749e-08
FILLER_14_37, 30.03, 74.48, -6.93749e-08
FILLER_15_34, 30.03, 74.48, -6.93749e-08
FILLER_15_50, 30.03, 74.48, -6.93749e-08
TAP_160, 30.03, 74.48, -6.93749e-08
FILLER_12_34, 30.03, 66.64, -7.01269e-08
FILLER_12_37, 30.03, 66.64, -7.01269e-08
FILLER_13_34, 30.03, 66.64, -7.01269e-08
FILLER_13_50, 30.03, 66.64, -7.01269e-08
TAP_157, 30.03, 66.64, -7.01269e-08
FILLER_10_34, 30.03, 58.8, -7.05701e-08
FILLER_10_37, 30.03, 58.8, -7.05701e-08
FILLER_11_34, 30.03, 58.8, -7.05701e-08
FILLER_11_50, 30.03, 58.8, -7.05701e-08
TAP_154, 30.03, 58.8, -7.05701e-08
FILLER_8_34, 30.03, 50.96, -7.07046e-08
FILLER_8_37, 30.03, 50.96, -7.07046e-08
FILLER_9_34, 30.03, 50.96, -7.07046e-08
FILLER_9_50, 30.03, 50.96, -7.07046e-08
TAP_151, 30.03, 50.96, -7.07046e-08
FILLER_6_34, 30.03, 43.12, -7.05304e-08
FILLER_6_37, 30.03, 43.12, -7.05304e-08
FILLER_7_34, 30.03, 43.12, -7.05304e-08
FILLER_7_50, 30.03, 43.12, -7.05304e-08
TAP_148, 30.03, 43.12, -7.05304e-08
FILLER_4_34, 30.03, 35.28, -6.48521e-08
FILLER_4_37, 30.03, 35.28, -6.48521e-08
FILLER_5_34, 30.03, 35.28, -6.48521e-08
FILLER_5_37, 30.03, 35.28, -6.48521e-08
TAP_134, 30.03, 35.28, -6.48521e-08
TAP_139, 30.03, 35.28, -6.48521e-08
FILLER_2_34, 30.03, 27.44, -6.46029e-08
FILLER_2_37, 30.03, 27.44, -6.46029e-08
TAP_125, 30.03, 27.44, -6.46029e-08
FILLER_0_34, 30.03, 19.6, -6.56591e-08
FILLER_0_37, 30.03, 19.6, -6.56591e-08
TAP_112, 30.03, 19.6, -6.56591e-08
FILLER_17_236, 137.76, 82.32, -6.05944e-08
PHY_54, 137.76, 82.32, -6.05944e-08
PHY_58, 137.76, 82.32, -6.05944e-08
PHY_62, 137.76, 82.32, -6.05944e-08
FILLER_16_327, 193.2, 82.32, -6.07669e-08
FILLER_17_323, 193.2, 82.32, -6.07669e-08
PHY_55, 193.2, 82.32, -6.07669e-08
PHY_59, 193.2, 82.32, -6.07669e-08
FILLER_16_303, 181.545, 82.32, -6.04173e-08
FILLER_17_304, 181.545, 82.32, -6.04173e-08
FILLER_17_307, 181.545, 82.32, -6.04173e-08
FILLER_18_319, 181.545, 82.32, -6.04173e-08
TAP_165, 181.545, 82.32, -6.04173e-08
FILLER_15_236, 137.76, 74.48, -6.31116e-08
FILLER_16_236, 137.76, 74.48, -6.31116e-08
PHY_46, 137.76, 74.48, -6.31116e-08
PHY_50, 137.76, 74.48, -6.31116e-08
FILLER_14_327, 193.2, 74.48, -6.29226e-08
FILLER_15_323, 193.2, 74.48, -6.29226e-08
PHY_47, 193.2, 74.48, -6.29226e-08
PHY_51, 193.2, 74.48, -6.29226e-08
FILLER_16_268, 153.825, 74.48, -6.26296e-08
FILLER_16_271, 153.825, 74.48, -6.26296e-08
TAP_164, 153.825, 74.48, -6.26296e-08
FILLER_14_303, 181.545, 74.48, -6.25729e-08
FILLER_15_304, 181.545, 74.48, -6.25729e-08
FILLER_15_307, 181.545, 74.48, -6.25729e-08
FILLER_16_319, 181.545, 74.48, -6.25729e-08
TAP_162, 181.545, 74.48, -6.25729e-08
FILLER_13_236, 137.76, 66.64, -6.42173e-08
FILLER_14_236, 137.76, 66.64, -6.42173e-08
PHY_38, 137.76, 66.64, -6.42173e-08
PHY_42, 137.76, 66.64, -6.42173e-08
FILLER_12_327, 193.2, 66.64, -6.40283e-08
FILLER_13_323, 193.2, 66.64, -6.40283e-08
PHY_39, 193.2, 66.64, -6.40283e-08
PHY_43, 193.2, 66.64, -6.40283e-08
FILLER_14_268, 153.825, 66.64, -6.37354e-08
FILLER_14_271, 153.825, 66.64, -6.37354e-08
TAP_161, 153.825, 66.64, -6.37354e-08
FILLER_12_303, 181.545, 66.64, -6.36787e-08
FILLER_13_304, 181.545, 66.64, -6.36787e-08
FILLER_13_307, 181.545, 66.64, -6.36787e-08
FILLER_14_319, 181.545, 66.64, -6.36787e-08
TAP_159, 181.545, 66.64, -6.36787e-08
FILLER_11_236, 137.76, 58.8, -6.49482e-08
FILLER_12_236, 137.76, 58.8, -6.49482e-08
PHY_30, 137.76, 58.8, -6.49482e-08
PHY_34, 137.76, 58.8, -6.49482e-08
FILLER_10_327, 193.2, 58.8, -6.47592e-08
FILLER_11_323, 193.2, 58.8, -6.47592e-08
PHY_31, 193.2, 58.8, -6.47592e-08
PHY_35, 193.2, 58.8, -6.47592e-08
FILLER_12_268, 153.825, 58.8, -6.44662e-08
FILLER_12_271, 153.825, 58.8, -6.44662e-08
TAP_158, 153.825, 58.8, -6.44662e-08
FILLER_10_303, 181.545, 58.8, -6.44095e-08
FILLER_11_304, 181.545, 58.8, -6.44095e-08
FILLER_11_307, 181.545, 58.8, -6.44095e-08
FILLER_12_319, 181.545, 58.8, -6.44095e-08
TAP_156, 181.545, 58.8, -6.44095e-08
FILLER_10_236, 137.76, 50.96, -6.53042e-08
FILLER_9_236, 137.76, 50.96, -6.53042e-08
PHY_22, 137.76, 50.96, -6.53042e-08
PHY_26, 137.76, 50.96, -6.53042e-08
FILLER_8_327, 193.2, 50.96, -6.51152e-08
FILLER_9_323, 193.2, 50.96, -6.51152e-08
PHY_23, 193.2, 50.96, -6.51152e-08
PHY_27, 193.2, 50.96, -6.51152e-08
FILLER_10_268, 153.825, 50.96, -6.48222e-08
FILLER_10_271, 153.825, 50.96, -6.48222e-08
TAP_155, 153.825, 50.96, -6.48222e-08
FILLER_10_319, 181.545, 50.96, -6.47655e-08
FILLER_8_303, 181.545, 50.96, -6.47655e-08
FILLER_9_304, 181.545, 50.96, -6.47655e-08
FILLER_9_307, 181.545, 50.96, -6.47655e-08
TAP_153, 181.545, 50.96, -6.47655e-08
FILLER_7_236, 137.76, 43.12, -6.52853e-08
FILLER_8_236, 137.76, 43.12, -6.52853e-08
PHY_14, 137.76, 43.12, -6.52853e-08
PHY_18, 137.76, 43.12, -6.52853e-08
FILLER_6_327, 193.2, 43.12, -6.50963e-08
FILLER_7_323, 193.2, 43.12, -6.50963e-08
PHY_15, 193.2, 43.12, -6.50963e-08
PHY_19, 193.2, 43.12, -6.50963e-08
FILLER_8_268, 153.825, 43.12, -6.48033e-08
FILLER_8_271, 153.825, 43.12, -6.48033e-08
TAP_152, 153.825, 43.12, -6.48033e-08
FILLER_6_303, 181.545, 43.12, -6.47466e-08
FILLER_7_304, 181.545, 43.12, -6.47466e-08
FILLER_7_307, 181.545, 43.12, -6.47466e-08
FILLER_8_319, 181.545, 43.12, -6.47466e-08
TAP_150, 181.545, 43.12, -6.47466e-08
PHY_110, 6.72, 184.24, -6.1569e-08
FILLER_42_325, 193.2, 184.24, -5.94596e-08
FILLER_42_329, 193.2, 184.24, -5.94596e-08
PHY_111, 193.2, 184.24, -5.94596e-08
FILLER_42_69, 45.57, 184.24, -6.06273e-08
FILLER_42_139, 92.19, 184.24, -5.82236e-08
FILLER_42_142, 92.19, 184.24, -5.82236e-08
TAP_279, 92.19, 184.24, -5.82236e-08
FILLER_42_174, 107.73, 184.24, -5.72371e-08
FILLER_42_177, 107.73, 184.24, -5.72371e-08
TAP_280, 107.73, 184.24, -5.72371e-08
ANTENNA_input1_I, 181.545, 184.24, -5.91974e-08
FILLER_42_305, 181.545, 184.24, -5.91974e-08
FILLER_42_309, 181.545, 184.24, -5.91974e-08
FILLER_41_2, 6.72, 176.4, -6.36616e-08
FILLER_42_2, 6.72, 176.4, -6.36616e-08
PHY_106, 6.72, 176.4, -6.36616e-08
PHY_108, 6.72, 176.4, -6.36616e-08
FILLER_40_329, 193.2, 176.4, -6.12358e-08
FILLER_41_326, 193.2, 176.4, -6.12358e-08
FILLER_41_330, 193.2, 176.4, -6.12358e-08
PHY_107, 193.2, 176.4, -6.12358e-08
PHY_109, 193.2, 176.4, -6.12358e-08
FILLER_41_66, 45.57, 176.4, -6.26285e-08
FILLER_41_70, 45.57, 176.4, -6.26285e-08
FILLER_41_73, 45.57, 176.4, -6.26285e-08
FILLER_42_72, 45.57, 176.4, -6.26285e-08
TAP_272, 45.57, 176.4, -6.26285e-08
TAP_277, 45.57, 176.4, -6.26285e-08
FILLER_42_104, 61.11, 176.4, -6.15954e-08
FILLER_42_107, 61.11, 176.4, -6.15954e-08
TAP_278, 61.11, 176.4, -6.15954e-08
FILLER_41_141, 92.19, 176.4, -5.96846e-08
FILLER_41_144, 92.19, 176.4, -5.96846e-08
TAP_273, 92.19, 176.4, -5.96846e-08
FILLER_40_172, 107.73, 176.4, -5.88068e-08
FILLER_40_176, 107.73, 176.4, -5.88068e-08
FILLER_40_179, 107.73, 176.4, -5.88068e-08
TAP_269, 107.73, 176.4, -5.88068e-08
FILLER_42_244, 138.81, 176.4, -5.85457e-08
FILLER_42_247, 138.81, 176.4, -5.85457e-08
TAP_282, 138.81, 176.4, -5.85457e-08
FILLER_41_318, 181.545, 176.4, -6.07988e-08
FILLER_42_313, 181.545, 176.4, -6.07988e-08
FILLER_42_317, 181.545, 176.4, -6.07988e-08
TAP_284, 181.545, 176.4, -6.07988e-08
FILLER_39_2, 6.72, 168.56, -6.33068e-08
FILLER_40_2, 6.72, 168.56, -6.33068e-08
PHY_102, 6.72, 168.56, -6.33068e-08
PHY_104, 6.72, 168.56, -6.33068e-08
FILLER_38_329, 193.2, 168.56, -6.05405e-08
FILLER_39_326, 193.2, 168.56, -6.05405e-08
FILLER_39_330, 193.2, 168.56, -6.05405e-08
PHY_103, 193.2, 168.56, -6.05405e-08
PHY_105, 193.2, 168.56, -6.05405e-08
FILLER_39_66, 45.57, 168.56, -6.21077e-08
FILLER_39_70, 45.57, 168.56, -6.21077e-08
FILLER_39_73, 45.57, 168.56, -6.21077e-08
TAP_263, 45.57, 168.56, -6.21077e-08
FILLER_40_101, 61.11, 168.56, -6.11416e-08
FILLER_40_105, 61.11, 168.56, -6.11416e-08
FILLER_40_108, 61.11, 168.56, -6.11416e-08
TAP_268, 61.11, 168.56, -6.11416e-08
FILLER_39_141, 92.19, 168.56, -5.89904e-08
FILLER_39_144, 92.19, 168.56, -5.89904e-08
TAP_264, 92.19, 168.56, -5.89904e-08
FILLER_38_172, 107.73, 168.56, -5.79218e-08
FILLER_38_176, 107.73, 168.56, -5.79218e-08
FILLER_38_179, 107.73, 168.56, -5.79218e-08
TAP_260, 107.73, 168.56, -5.79218e-08
FILLER_40_243, 138.81, 168.56, -5.76064e-08
FILLER_40_247, 138.81, 168.56, -5.76064e-08
TAP_270, 138.81, 168.56, -5.76064e-08
FILLER_40_250, 154.35, 168.56, -5.84761e-08
FILLER_39_318, 181.545, 168.56, -6.01034e-08
FILLER_40_314, 181.545, 168.56, -6.01034e-08
FILLER_40_318, 181.545, 168.56, -6.01034e-08
FILLER_40_321, 181.545, 168.56, -6.01034e-08
TAP_271, 181.545, 168.56, -6.01034e-08
FILLER_37_2, 6.72, 160.72, -6.3036e-08
FILLER_38_2, 6.72, 160.72, -6.3036e-08
PHY_100, 6.72, 160.72, -6.3036e-08
PHY_98, 6.72, 160.72, -6.3036e-08
FILLER_36_329, 193.2, 160.72, -5.98516e-08
FILLER_37_326, 193.2, 160.72, -5.98516e-08
FILLER_37_330, 193.2, 160.72, -5.98516e-08
PHY_101, 193.2, 160.72, -5.98516e-08
PHY_99, 193.2, 160.72, -5.98516e-08
FILLER_37_66, 45.57, 160.72, -6.17454e-08
FILLER_37_70, 45.57, 160.72, -6.17454e-08
FILLER_37_73, 45.57, 160.72, -6.17454e-08
TAP_254, 45.57, 160.72, -6.17454e-08
FILLER_38_101, 61.11, 160.72, -6.06878e-08
FILLER_38_105, 61.11, 160.72, -6.06878e-08
FILLER_38_108, 61.11, 160.72, -6.06878e-08
TAP_259, 61.11, 160.72, -6.06878e-08
FILLER_37_141, 92.19, 160.72, -5.82718e-08
FILLER_37_144, 92.19, 160.72, -5.82718e-08
TAP_255, 92.19, 160.72, -5.82718e-08
FILLER_36_172, 107.73, 160.72, -5.70299e-08
FILLER_36_176, 107.73, 160.72, -5.70299e-08
FILLER_36_179, 107.73, 160.72, -5.70299e-08
TAP_251, 107.73, 160.72, -5.70299e-08
FILLER_38_243, 138.81, 160.72, -5.66665e-08
FILLER_38_247, 138.81, 160.72, -5.66665e-08
TAP_261, 138.81, 160.72, -5.66665e-08
FILLER_38_250, 154.35, 160.72, -5.76617e-08
FILLER_37_318, 181.545, 160.72, -5.94145e-08
FILLER_38_314, 181.545, 160.72, -5.94145e-08
FILLER_38_318, 181.545, 160.72, -5.94145e-08
FILLER_38_321, 181.545, 160.72, -5.94145e-08
TAP_262, 181.545, 160.72, -5.94145e-08
FILLER_35_2, 6.72, 152.88, -6.26568e-08
FILLER_36_2, 6.72, 152.88, -6.26568e-08
PHY_94, 6.72, 152.88, -6.26568e-08
PHY_96, 6.72, 152.88, -6.26568e-08
FILLER_34_329, 193.2, 152.88, -5.89111e-08
FILLER_35_326, 193.2, 152.88, -5.89111e-08
FILLER_35_330, 193.2, 152.88, -5.89111e-08
PHY_95, 193.2, 152.88, -5.89111e-08
PHY_97, 193.2, 152.88, -5.89111e-08
FILLER_35_66, 45.57, 152.88, -6.12404e-08
FILLER_35_70, 45.57, 152.88, -6.12404e-08
FILLER_35_73, 45.57, 152.88, -6.12404e-08
TAP_245, 45.57, 152.88, -6.12404e-08
FILLER_36_101, 61.11, 152.88, -6.00572e-08
FILLER_36_105, 61.11, 152.88, -6.00572e-08
FILLER_36_108, 61.11, 152.88, -6.00572e-08
TAP_250, 61.11, 152.88, -6.00572e-08
FILLER_35_141, 92.19, 152.88, -5.72721e-08
FILLER_35_144, 92.19, 152.88, -5.72721e-08
TAP_246, 92.19, 152.88, -5.72721e-08
FILLER_34_172, 107.73, 152.88, -5.57867e-08
FILLER_34_176, 107.73, 152.88, -5.57867e-08
FILLER_34_179, 107.73, 152.88, -5.57867e-08
TAP_242, 107.73, 152.88, -5.57867e-08
FILLER_36_243, 138.81, 152.88, -5.5362e-08
FILLER_36_247, 138.81, 152.88, -5.5362e-08
TAP_252, 138.81, 152.88, -5.5362e-08
FILLER_36_250, 154.35, 152.88, -5.65392e-08
FILLER_35_318, 181.545, 152.88, -5.8474e-08
FILLER_36_314, 181.545, 152.88, -5.8474e-08
FILLER_36_318, 181.545, 152.88, -5.8474e-08
FILLER_36_321, 181.545, 152.88, -5.8474e-08
TAP_253, 181.545, 152.88, -5.8474e-08
FILLER_33_2, 6.72, 145.04, -6.21858e-08
FILLER_34_2, 6.72, 145.04, -6.21858e-08
PHY_90, 6.72, 145.04, -6.21858e-08
PHY_92, 6.72, 145.04, -6.21858e-08
FILLER_32_329, 193.2, 145.04, -5.77276e-08
FILLER_33_326, 193.2, 145.04, -5.77276e-08
FILLER_33_330, 193.2, 145.04, -5.77276e-08
PHY_91, 193.2, 145.04, -5.77276e-08
PHY_93, 193.2, 145.04, -5.77276e-08
FILLER_33_66, 45.57, 145.04, -6.0606e-08
FILLER_33_70, 45.57, 145.04, -6.0606e-08
FILLER_33_73, 45.57, 145.04, -6.0606e-08
TAP_236, 45.57, 145.04, -6.0606e-08
FILLER_34_101, 61.11, 145.04, -5.92592e-08
FILLER_34_105, 61.11, 145.04, -5.92592e-08
FILLER_34_108, 61.11, 145.04, -5.92592e-08
TAP_241, 61.11, 145.04, -5.92592e-08
FILLER_33_141, 92.19, 145.04, -5.59848e-08
FILLER_33_144, 92.19, 145.04, -5.59848e-08
TAP_237, 92.19, 145.04, -5.59848e-08
FILLER_32_172, 107.73, 145.04, -5.41736e-08
FILLER_32_176, 107.73, 145.04, -5.41736e-08
FILLER_32_179, 107.73, 145.04, -5.41736e-08
TAP_233, 107.73, 145.04, -5.41736e-08
FILLER_34_243, 138.81, 145.04, -5.36749e-08
FILLER_34_247, 138.81, 145.04, -5.36749e-08
TAP_243, 138.81, 145.04, -5.36749e-08
FILLER_34_250, 154.35, 145.04, -5.51039e-08
FILLER_33_318, 181.545, 145.04, -5.72906e-08
FILLER_34_314, 181.545, 145.04, -5.72906e-08
FILLER_34_318, 181.545, 145.04, -5.72906e-08
FILLER_34_321, 181.545, 145.04, -5.72906e-08
TAP_244, 181.545, 145.04, -5.72906e-08
FILLER_31_2, 6.72, 137.2, -6.16449e-08
FILLER_32_2, 6.72, 137.2, -6.16449e-08
PHY_86, 6.72, 137.2, -6.16449e-08
PHY_88, 6.72, 137.2, -6.16449e-08
FILLER_30_329, 193.2, 137.2, -5.63139e-08
FILLER_31_326, 193.2, 137.2, -5.63139e-08
FILLER_31_330, 193.2, 137.2, -5.63139e-08
PHY_87, 193.2, 137.2, -5.63139e-08
PHY_89, 193.2, 137.2, -5.63139e-08
FILLER_31_66, 45.57, 137.2, -5.9859e-08
FILLER_31_70, 45.57, 137.2, -5.9859e-08
FILLER_31_73, 45.57, 137.2, -5.9859e-08
TAP_227, 45.57, 137.2, -5.9859e-08
FILLER_32_101, 61.11, 137.2, -5.83063e-08
FILLER_32_105, 61.11, 137.2, -5.83063e-08
FILLER_32_108, 61.11, 137.2, -5.83063e-08
TAP_232, 61.11, 137.2, -5.83063e-08
FILLER_31_141, 92.19, 137.2, -5.44009e-08
FILLER_31_144, 92.19, 137.2, -5.44009e-08
TAP_228, 92.19, 137.2, -5.44009e-08
FILLER_30_172, 107.73, 137.2, -5.21649e-08
FILLER_30_176, 107.73, 137.2, -5.21649e-08
FILLER_30_179, 107.73, 137.2, -5.21649e-08
TAP_224, 107.73, 137.2, -5.21649e-08
FILLER_32_243, 138.81, 137.2, -5.15813e-08
FILLER_32_247, 138.81, 137.2, -5.15813e-08
TAP_234, 138.81, 137.2, -5.15813e-08
FILLER_32_250, 154.35, 137.2, -5.33502e-08
FILLER_31_318, 181.545, 137.2, -5.58768e-08
FILLER_32_314, 181.545, 137.2, -5.58768e-08
FILLER_32_318, 181.545, 137.2, -5.58768e-08
FILLER_32_321, 181.545, 137.2, -5.58768e-08
TAP_235, 181.545, 137.2, -5.58768e-08
FILLER_29_2, 6.72, 129.36, -6.10619e-08
FILLER_30_2, 6.72, 129.36, -6.10619e-08
PHY_82, 6.72, 129.36, -6.10619e-08
PHY_84, 6.72, 129.36, -6.10619e-08
FILLER_28_329, 193.2, 129.36, -5.46871e-08
FILLER_29_326, 193.2, 129.36, -5.46871e-08
FILLER_29_330, 193.2, 129.36, -5.46871e-08
PHY_83, 193.2, 129.36, -5.46871e-08
PHY_85, 193.2, 129.36, -5.46871e-08
FILLER_29_66, 45.57, 129.36, -5.90216e-08
FILLER_29_70, 45.57, 129.36, -5.90216e-08
FILLER_29_73, 45.57, 129.36, -5.90216e-08
TAP_218, 45.57, 129.36, -5.90216e-08
FILLER_30_101, 61.11, 129.36, -5.72144e-08
FILLER_30_105, 61.11, 129.36, -5.72144e-08
FILLER_30_108, 61.11, 129.36, -5.72144e-08
TAP_223, 61.11, 129.36, -5.72144e-08
FILLER_29_141, 92.19, 129.36, -5.2509e-08
FILLER_29_144, 92.19, 129.36, -5.2509e-08
TAP_219, 92.19, 129.36, -5.2509e-08
FILLER_28_172, 107.73, 129.36, -4.97272e-08
FILLER_28_176, 107.73, 129.36, -4.97272e-08
FILLER_28_179, 107.73, 129.36, -4.97272e-08
TAP_215, 107.73, 129.36, -4.97272e-08
FILLER_30_243, 138.81, 129.36, -4.90501e-08
FILLER_30_247, 138.81, 129.36, -4.90501e-08
TAP_225, 138.81, 129.36, -4.90501e-08
FILLER_30_250, 154.35, 129.36, -5.12712e-08
FILLER_29_318, 181.545, 129.36, -5.425e-08
FILLER_30_314, 181.545, 129.36, -5.425e-08
FILLER_30_318, 181.545, 129.36, -5.425e-08
FILLER_30_321, 181.545, 129.36, -5.425e-08
TAP_226, 181.545, 129.36, -5.425e-08
FILLER_27_2, 6.72, 121.52, -6.04713e-08
FILLER_28_2, 6.72, 121.52, -6.04713e-08
PHY_78, 6.72, 121.52, -6.04713e-08
PHY_80, 6.72, 121.52, -6.04713e-08
FILLER_26_329, 193.2, 121.52, -5.28713e-08
FILLER_27_326, 193.2, 121.52, -5.28713e-08
FILLER_27_330, 193.2, 121.52, -5.28713e-08
PHY_79, 193.2, 121.52, -5.28713e-08
PHY_81, 193.2, 121.52, -5.28713e-08
FILLER_27_66, 45.57, 121.52, -5.81212e-08
FILLER_27_70, 45.57, 121.52, -5.81212e-08
FILLER_27_73, 45.57, 121.52, -5.81212e-08
TAP_209, 45.57, 121.52, -5.81212e-08
FILLER_28_101, 61.11, 121.52, -5.60043e-08
FILLER_28_105, 61.11, 121.52, -5.60043e-08
FILLER_28_108, 61.11, 121.52, -5.60043e-08
TAP_214, 61.11, 121.52, -5.60043e-08
FILLER_27_141, 92.19, 121.52, -5.02939e-08
FILLER_27_144, 92.19, 121.52, -5.02939e-08
TAP_210, 92.19, 121.52, -5.02939e-08
FILLER_26_172, 107.73, 121.52, -4.68169e-08
FILLER_26_176, 107.73, 121.52, -4.68169e-08
FILLER_26_179, 107.73, 121.52, -4.68169e-08
TAP_206, 107.73, 121.52, -4.68169e-08
FILLER_28_243, 138.81, 121.52, -4.60411e-08
FILLER_28_247, 138.81, 121.52, -4.60411e-08
TAP_216, 138.81, 121.52, -4.60411e-08
FILLER_28_250, 154.35, 121.52, -4.88589e-08
FILLER_27_318, 181.545, 121.52, -5.24342e-08
FILLER_28_314, 181.545, 121.52, -5.24342e-08
FILLER_28_318, 181.545, 121.52, -5.24342e-08
FILLER_28_321, 181.545, 121.52, -5.24342e-08
TAP_217, 181.545, 121.52, -5.24342e-08
FILLER_25_2, 6.72, 113.68, -5.99158e-08
FILLER_26_2, 6.72, 113.68, -5.99158e-08
PHY_74, 6.72, 113.68, -5.99158e-08
PHY_76, 6.72, 113.68, -5.99158e-08
FILLER_24_329, 193.2, 113.68, -5.08986e-08
FILLER_25_326, 193.2, 113.68, -5.08986e-08
FILLER_25_330, 193.2, 113.68, -5.08986e-08
PHY_75, 193.2, 113.68, -5.08986e-08
PHY_77, 193.2, 113.68, -5.08986e-08
FILLER_25_66, 45.57, 113.68, -5.71923e-08
FILLER_25_70, 45.57, 113.68, -5.71923e-08
FILLER_25_73, 45.57, 113.68, -5.71923e-08
TAP_200, 45.57, 113.68, -5.71923e-08
FILLER_26_101, 61.11, 113.68, -5.4702e-08
FILLER_26_105, 61.11, 113.68, -5.4702e-08
FILLER_26_108, 61.11, 113.68, -5.4702e-08
TAP_205, 61.11, 113.68, -5.4702e-08
FILLER_25_141, 92.19, 113.68, -4.77366e-08
FILLER_25_144, 92.19, 113.68, -4.77366e-08
TAP_201, 92.19, 113.68, -4.77366e-08
FILLER_24_172, 107.73, 113.68, -4.33782e-08
FILLER_24_176, 107.73, 113.68, -4.33782e-08
FILLER_24_179, 107.73, 113.68, -4.33782e-08
TAP_197, 107.73, 113.68, -4.33782e-08
FILLER_26_243, 138.81, 113.68, -4.25035e-08
FILLER_26_247, 138.81, 113.68, -4.25035e-08
TAP_207, 138.81, 113.68, -4.25035e-08
FILLER_26_250, 154.35, 113.68, -4.61037e-08
FILLER_25_318, 181.545, 113.68, -5.04616e-08
FILLER_26_314, 181.545, 113.68, -5.04616e-08
FILLER_26_318, 181.545, 113.68, -5.04616e-08
FILLER_26_321, 181.545, 113.68, -5.04616e-08
TAP_208, 181.545, 113.68, -5.04616e-08
FILLER_23_2, 6.72, 105.84, -5.94474e-08
FILLER_24_2, 6.72, 105.84, -5.94474e-08
PHY_70, 6.72, 105.84, -5.94474e-08
PHY_72, 6.72, 105.84, -5.94474e-08
FILLER_22_329, 193.2, 105.84, -4.88128e-08
FILLER_23_326, 193.2, 105.84, -4.88128e-08
FILLER_23_330, 193.2, 105.84, -4.88128e-08
PHY_71, 193.2, 105.84, -4.88128e-08
PHY_73, 193.2, 105.84, -4.88128e-08
FILLER_23_66, 45.57, 105.84, -5.62773e-08
FILLER_23_70, 45.57, 105.84, -5.62773e-08
FILLER_23_73, 45.57, 105.84, -5.62773e-08
TAP_191, 45.57, 105.84, -5.62773e-08
FILLER_24_101, 61.11, 105.84, -5.33402e-08
FILLER_24_105, 61.11, 105.84, -5.33402e-08
FILLER_24_108, 61.11, 105.84, -5.33402e-08
TAP_196, 61.11, 105.84, -5.33402e-08
FILLER_23_141, 92.19, 105.84, -4.48131e-08
FILLER_23_144, 92.19, 105.84, -4.48131e-08
TAP_192, 92.19, 105.84, -4.48131e-08
FILLER_22_172, 107.73, 105.84, -3.93396e-08
FILLER_22_176, 107.73, 105.84, -3.93396e-08
FILLER_22_179, 107.73, 105.84, -3.93396e-08
TAP_188, 107.73, 105.84, -3.93396e-08
FILLER_24_243, 138.81, 105.84, -3.83724e-08
FILLER_24_247, 138.81, 105.84, -3.83724e-08
TAP_198, 138.81, 105.84, -3.83724e-08
FILLER_24_250, 154.35, 105.84, -4.29953e-08
FILLER_23_318, 181.545, 105.84, -4.83758e-08
FILLER_24_314, 181.545, 105.84, -4.83758e-08
FILLER_24_318, 181.545, 105.84, -4.83758e-08
FILLER_24_321, 181.545, 105.84, -4.83758e-08
TAP_199, 181.545, 105.84, -4.83758e-08
FILLER_21_2, 6.72, 98, -5.93325e-08
FILLER_22_2, 6.72, 98, -5.93325e-08
PHY_66, 6.72, 98, -5.93325e-08
PHY_68, 6.72, 98, -5.93325e-08
FILLER_20_329, 193.2, 98, -4.68805e-08
FILLER_21_326, 193.2, 98, -4.68805e-08
FILLER_21_330, 193.2, 98, -4.68805e-08
PHY_67, 193.2, 98, -4.68805e-08
PHY_69, 193.2, 98, -4.68805e-08
FILLER_21_66, 45.57, 98, -5.57366e-08
FILLER_21_70, 45.57, 98, -5.57366e-08
FILLER_21_73, 45.57, 98, -5.57366e-08
TAP_182, 45.57, 98, -5.57366e-08
FILLER_22_101, 61.11, 98, -5.23739e-08
FILLER_22_105, 61.11, 98, -5.23739e-08
FILLER_22_108, 61.11, 98, -5.23739e-08
TAP_187, 61.11, 98, -5.23739e-08
FILLER_20_140, 92.19, 98, -4.23852e-08
FILLER_20_148, 92.19, 98, -4.23852e-08
FILLER_20_152, 92.19, 98, -4.23852e-08
FILLER_21_141, 92.19, 98, -4.23852e-08
FILLER_21_144, 92.19, 98, -4.23852e-08
TAP_183, 92.19, 98, -4.23852e-08
ANTENNA__0__A2, 107.73, 98, -3.55262e-08
FILLER_20_170, 107.73, 98, -3.55262e-08
FILLER_20_174, 107.73, 98, -3.55262e-08
FILLER_20_176, 107.73, 98, -3.55262e-08
FILLER_20_179, 107.73, 98, -3.55262e-08
TAP_179, 107.73, 98, -3.55262e-08
FILLER_22_243, 138.81, 98, -3.39904e-08
FILLER_22_247, 138.81, 98, -3.39904e-08
TAP_189, 138.81, 98, -3.39904e-08
FILLER_22_250, 154.35, 98, -3.98381e-08
FILLER_21_318, 181.545, 98, -4.64435e-08
FILLER_22_314, 181.545, 98, -4.64435e-08
FILLER_22_318, 181.545, 98, -4.64435e-08
FILLER_22_321, 181.545, 98, -4.64435e-08
TAP_190, 181.545, 98, -4.64435e-08
FILLER_19_2, 6.72, 90.16, -6.12584e-08
FILLER_20_2, 6.72, 90.16, -6.12584e-08
PHY_60, 6.72, 90.16, -6.12584e-08
PHY_64, 6.72, 90.16, -6.12584e-08
FILLER_18_327, 193.2, 90.16, -5.03309e-08
FILLER_19_325, 193.2, 90.16, -5.03309e-08
FILLER_19_329, 193.2, 90.16, -5.03309e-08
PHY_63, 193.2, 90.16, -5.03309e-08
PHY_65, 193.2, 90.16, -5.03309e-08
FILLER_19_69, 45.57, 90.16, -5.77402e-08
FILLER_19_72, 45.57, 90.16, -5.77402e-08
TAP_169, 45.57, 90.16, -5.77402e-08
FILLER_19_104, 61.11, 90.16, -5.45718e-08
FILLER_19_107, 61.11, 90.16, -5.45718e-08
FILLER_20_101, 61.11, 90.16, -5.45718e-08
FILLER_20_105, 61.11, 90.16, -5.45718e-08
FILLER_20_108, 61.11, 90.16, -5.45718e-08
TAP_170, 61.11, 90.16, -5.45718e-08
TAP_178, 61.11, 90.16, -5.45718e-08
ANTENNA__0__A1, 92.19, 90.16, -4.53411e-08
FILLER_19_139, 92.19, 90.16, -4.53411e-08
FILLER_19_142, 92.19, 90.16, -4.53411e-08
FILLER_20_162, 92.19, 90.16, -4.53411e-08
FILLER_20_166, 92.19, 90.16, -4.53411e-08
TAP_171, 92.19, 90.16, -4.53411e-08
_0_, 92.19, 90.16, -4.53411e-08
FILLER_19_174, 107.73, 90.16, -3.89422e-08
FILLER_19_177, 107.73, 90.16, -3.89422e-08
TAP_172, 107.73, 90.16, -3.89422e-08
FILLER_18_236, 138.81, 90.16, -3.84142e-08
FILLER_19_244, 138.81, 90.16, -3.84142e-08
FILLER_19_247, 138.81, 90.16, -3.84142e-08
FILLER_20_243, 138.81, 90.16, -3.84142e-08
FILLER_20_247, 138.81, 90.16, -3.84142e-08
TAP_174, 138.81, 90.16, -3.84142e-08
TAP_180, 138.81, 90.16, -3.84142e-08
FILLER_18_268, 154.35, 90.16, -4.38189e-08
FILLER_18_271, 154.35, 90.16, -4.38189e-08
FILLER_20_250, 154.35, 90.16, -4.38189e-08
TAP_167, 154.35, 90.16, -4.38189e-08
FILLER_18_303, 181.545, 90.16, -4.98938e-08
FILLER_19_314, 181.545, 90.16, -4.98938e-08
FILLER_19_317, 181.545, 90.16, -4.98938e-08
FILLER_20_314, 181.545, 90.16, -4.98938e-08
FILLER_20_318, 181.545, 90.16, -4.98938e-08
FILLER_20_321, 181.545, 90.16, -4.98938e-08
TAP_176, 181.545, 90.16, -4.98938e-08
TAP_181, 181.545, 90.16, -4.98938e-08
FILLER_17_2, 6.72, 82.32, -6.94636e-08
FILLER_18_2, 6.72, 82.32, -6.94636e-08
PHY_52, 6.72, 82.32, -6.94636e-08
PHY_56, 6.72, 82.32, -6.94636e-08
FILLER_16_53, 39.76, 82.32, -6.92751e-08
FILLER_17_54, 39.76, 82.32, -6.92751e-08
FILLER_17_56, 39.76, 82.32, -6.92751e-08
FILLER_18_53, 39.76, 82.32, -6.92751e-08
PHY_53, 39.76, 82.32, -6.92751e-08
PHY_57, 39.76, 82.32, -6.92751e-08
PHY_61, 39.76, 82.32, -6.92751e-08
FILLER_15_2, 6.72, 74.48, -7.00742e-08
FILLER_16_2, 6.72, 74.48, -7.00742e-08
PHY_44, 6.72, 74.48, -7.00742e-08
PHY_48, 6.72, 74.48, -7.00742e-08
FILLER_14_53, 39.76, 74.48, -6.97398e-08
FILLER_15_54, 39.76, 74.48, -6.97398e-08
FILLER_15_56, 39.76, 74.48, -6.97398e-08
PHY_45, 39.76, 74.48, -6.97398e-08
PHY_49, 39.76, 74.48, -6.97398e-08
FILLER_13_2, 6.72, 66.64, -7.08262e-08
FILLER_14_2, 6.72, 66.64, -7.08262e-08
PHY_36, 6.72, 66.64, -7.08262e-08
PHY_40, 6.72, 66.64, -7.08262e-08
FILLER_12_53, 39.76, 66.64, -7.04917e-08
FILLER_13_54, 39.76, 66.64, -7.04917e-08
FILLER_13_56, 39.76, 66.64, -7.04917e-08
PHY_37, 39.76, 66.64, -7.04917e-08
PHY_41, 39.76, 66.64, -7.04917e-08
FILLER_11_2, 6.72, 58.8, -7.12694e-08
FILLER_12_2, 6.72, 58.8, -7.12694e-08
PHY_28, 6.72, 58.8, -7.12694e-08
PHY_32, 6.72, 58.8, -7.12694e-08
FILLER_10_53, 39.76, 58.8, -7.0935e-08
FILLER_11_54, 39.76, 58.8, -7.0935e-08
FILLER_11_56, 39.76, 58.8, -7.0935e-08
PHY_29, 39.76, 58.8, -7.0935e-08
PHY_33, 39.76, 58.8, -7.0935e-08
FILLER_10_2, 6.72, 50.96, -7.14039e-08
FILLER_9_2, 6.72, 50.96, -7.14039e-08
PHY_20, 6.72, 50.96, -7.14039e-08
PHY_24, 6.72, 50.96, -7.14039e-08
FILLER_8_53, 39.76, 50.96, -7.10695e-08
FILLER_9_54, 39.76, 50.96, -7.10695e-08
FILLER_9_56, 39.76, 50.96, -7.10695e-08
PHY_21, 39.76, 50.96, -7.10695e-08
PHY_25, 39.76, 50.96, -7.10695e-08
FILLER_7_2, 6.72, 43.12, -7.12297e-08
FILLER_8_2, 6.72, 43.12, -7.12297e-08
PHY_12, 6.72, 43.12, -7.12297e-08
PHY_16, 6.72, 43.12, -7.12297e-08
FILLER_6_53, 39.76, 43.12, -7.08953e-08
FILLER_7_54, 39.76, 43.12, -7.08953e-08
FILLER_7_56, 39.76, 43.12, -7.08953e-08
PHY_13, 39.76, 43.12, -7.08953e-08
PHY_17, 39.76, 43.12, -7.08953e-08
FILLER_5_2, 6.72, 35.28, -6.55514e-08
FILLER_6_2, 6.72, 35.28, -6.55514e-08
PHY_10, 6.72, 35.28, -6.55514e-08
PHY_8, 6.72, 35.28, -6.55514e-08
FILLER_4_329, 193.2, 35.28, -5.86228e-08
FILLER_5_325, 193.2, 35.28, -5.86228e-08
FILLER_5_329, 193.2, 35.28, -5.86228e-08
PHY_11, 193.2, 35.28, -5.86228e-08
PHY_9, 193.2, 35.28, -5.86228e-08
FILLER_5_69, 45.57, 35.28, -6.26271e-08
FILLER_5_72, 45.57, 35.28, -6.26271e-08
TAP_140, 45.57, 35.28, -6.26271e-08
FILLER_5_104, 61.11, 35.28, -6.00525e-08
FILLER_5_107, 61.11, 35.28, -6.00525e-08
TAP_141, 61.11, 35.28, -6.00525e-08
FILLER_5_139, 92.19, 35.28, -5.47232e-08
FILLER_5_142, 92.19, 35.28, -5.47232e-08
TAP_142, 92.19, 35.28, -5.47232e-08
FILLER_4_172, 107.73, 35.28, -5.19686e-08
FILLER_4_176, 107.73, 35.28, -5.19686e-08
FILLER_4_179, 107.73, 35.28, -5.19686e-08
FILLER_5_174, 107.73, 35.28, -5.19686e-08
FILLER_5_177, 107.73, 35.28, -5.19686e-08
TAP_136, 107.73, 35.28, -5.19686e-08
TAP_143, 107.73, 35.28, -5.19686e-08
FILLER_5_244, 138.81, 35.28, -5.18258e-08
FILLER_5_247, 138.81, 35.28, -5.18258e-08
FILLER_6_236, 138.81, 35.28, -5.18258e-08
TAP_145, 138.81, 35.28, -5.18258e-08
FILLER_6_268, 154.35, 35.28, -5.47872e-08
FILLER_6_271, 154.35, 35.28, -5.47872e-08
TAP_149, 154.35, 35.28, -5.47872e-08
FILLER_5_314, 181.545, 35.28, -5.81857e-08
FILLER_5_317, 181.545, 35.28, -5.81857e-08
FILLER_6_319, 181.545, 35.28, -5.81857e-08
TAP_147, 181.545, 35.28, -5.81857e-08
FILLER_3_2, 6.72, 27.44, -6.53023e-08
FILLER_4_2, 6.72, 27.44, -6.53023e-08
PHY_4, 6.72, 27.44, -6.53023e-08
PHY_6, 6.72, 27.44, -6.53023e-08
FILLER_2_329, 193.2, 27.44, -5.91051e-08
FILLER_3_326, 193.2, 27.44, -5.91051e-08
FILLER_3_330, 193.2, 27.44, -5.91051e-08
PHY_5, 193.2, 27.44, -5.91051e-08
PHY_7, 193.2, 27.44, -5.91051e-08
FILLER_3_66, 45.57, 27.44, -6.27449e-08
FILLER_3_70, 45.57, 27.44, -6.27449e-08
FILLER_3_73, 45.57, 27.44, -6.27449e-08
TAP_130, 45.57, 27.44, -6.27449e-08
FILLER_4_101, 61.11, 27.44, -6.04206e-08
FILLER_4_105, 61.11, 27.44, -6.04206e-08
FILLER_4_108, 61.11, 27.44, -6.04206e-08
TAP_135, 61.11, 27.44, -6.04206e-08
FILLER_3_141, 92.19, 27.44, -5.53236e-08
FILLER_3_144, 92.19, 27.44, -5.53236e-08
TAP_131, 92.19, 27.44, -5.53236e-08
FILLER_2_172, 107.73, 27.44, -5.26676e-08
FILLER_2_176, 107.73, 27.44, -5.26676e-08
FILLER_2_179, 107.73, 27.44, -5.26676e-08
TAP_127, 107.73, 27.44, -5.26676e-08
FILLER_4_243, 138.81, 27.44, -5.25668e-08
FILLER_4_247, 138.81, 27.44, -5.25668e-08
TAP_137, 138.81, 27.44, -5.25668e-08
FILLER_4_250, 154.35, 27.44, -5.52386e-08
FILLER_3_318, 181.545, 27.44, -5.8668e-08
FILLER_4_314, 181.545, 27.44, -5.8668e-08
FILLER_4_318, 181.545, 27.44, -5.8668e-08
FILLER_4_321, 181.545, 27.44, -5.8668e-08
TAP_138, 181.545, 27.44, -5.8668e-08
FILLER_0_2, 6.72, 19.6, -6.65333e-08
FILLER_1_2, 6.72, 19.6, -6.65333e-08
FILLER_2_2, 6.72, 19.6, -6.65333e-08
PHY_0, 6.72, 19.6, -6.65333e-08
PHY_2, 6.72, 19.6, -6.65333e-08
FILLER_0_325, 193.2, 19.6, -6.14425e-08
FILLER_0_329, 193.2, 19.6, -6.14425e-08
FILLER_1_326, 193.2, 19.6, -6.14425e-08
FILLER_1_330, 193.2, 19.6, -6.14425e-08
PHY_1, 193.2, 19.6, -6.14425e-08
PHY_3, 193.2, 19.6, -6.14425e-08
FILLER_0_69, 45.57, 19.6, -6.42758e-08
FILLER_0_72, 45.57, 19.6, -6.42758e-08
FILLER_1_66, 45.57, 19.6, -6.42758e-08
FILLER_1_70, 45.57, 19.6, -6.42758e-08
FILLER_1_73, 45.57, 19.6, -6.42758e-08
TAP_113, 45.57, 19.6, -6.42758e-08
TAP_121, 45.57, 19.6, -6.42758e-08
FILLER_0_104, 61.11, 19.6, -6.20765e-08
FILLER_0_107, 61.11, 19.6, -6.20765e-08
FILLER_2_101, 61.11, 19.6, -6.20765e-08
FILLER_2_105, 61.11, 19.6, -6.20765e-08
FILLER_2_108, 61.11, 19.6, -6.20765e-08
TAP_114, 61.11, 19.6, -6.20765e-08
TAP_126, 61.11, 19.6, -6.20765e-08
FILLER_0_139, 92.19, 19.6, -5.71521e-08
FILLER_0_142, 92.19, 19.6, -5.71521e-08
FILLER_1_141, 92.19, 19.6, -5.71521e-08
FILLER_1_144, 92.19, 19.6, -5.71521e-08
TAP_115, 92.19, 19.6, -5.71521e-08
TAP_122, 92.19, 19.6, -5.71521e-08
FILLER_0_174, 107.73, 19.6, -5.45434e-08
FILLER_0_177, 107.73, 19.6, -5.45434e-08
TAP_116, 107.73, 19.6, -5.45434e-08
FILLER_0_244, 138.81, 19.6, -5.47931e-08
FILLER_0_247, 138.81, 19.6, -5.47931e-08
FILLER_2_243, 138.81, 19.6, -5.47931e-08
FILLER_2_247, 138.81, 19.6, -5.47931e-08
TAP_118, 138.81, 19.6, -5.47931e-08
TAP_128, 138.81, 19.6, -5.47931e-08
FILLER_2_250, 154.35, 19.6, -5.73019e-08
FILLER_0_314, 181.545, 19.6, -6.0918e-08
FILLER_0_317, 181.545, 19.6, -6.0918e-08
FILLER_1_318, 181.545, 19.6, -6.0918e-08
FILLER_2_314, 181.545, 19.6, -6.0918e-08
FILLER_2_318, 181.545, 19.6, -6.0918e-08
FILLER_2_321, 181.545, 19.6, -6.0918e-08
TAP_120, 181.545, 19.6, -6.0918e-08
TAP_129, 181.545, 19.6, -6.0918e-08

