top
----------------------------------------
N-Diffusion to P-tap spacing < 0.33um across butted junction (PP.4b + NP.4c)
----------------------------------------
 62.150um 52.225um 62.160um 52.360um
 62.150um 52.360um 62.160um 52.590um
 62.150um 52.590um 62.160um 52.725um
 61.820um 52.590um 61.830um 52.725um
 61.820um 52.360um 61.830um 52.590um
 61.820um 52.225um 61.830um 52.360um
 87.465um 52.090um 87.475um 52.225um
 87.465um 52.225um 87.475um 52.455um
 87.465um 52.455um 87.475um 52.590um
 87.135um 52.455um 87.145um 52.590um
 87.135um 52.225um 87.145um 52.455um
 87.135um 52.090um 87.145um 52.225um
 112.835um 52.010um 112.845um 52.145um
 112.835um 52.145um 112.845um 52.375um
 112.835um 52.375um 112.845um 52.510um
 112.505um 52.375um 112.515um 52.510um
 112.505um 52.145um 112.515um 52.375um
 112.505um 52.010um 112.515um 52.145um
----------------------------------------
P-Diffusion to N-tap spacing < 0.33um across butted junction (NP.4b + PP.4c)
----------------------------------------
 62.150um 64.115um 62.160um 64.250um
 62.150um 64.250um 62.160um 64.480um
 62.150um 64.480um 62.160um 64.615um
 61.820um 64.480um 61.830um 64.615um
 61.820um 64.250um 61.830um 64.480um
 61.820um 64.115um 61.830um 64.250um
 87.465um 63.980um 87.475um 64.115um
 87.465um 64.115um 87.475um 64.345um
 87.465um 64.345um 87.475um 64.480um
 87.135um 64.345um 87.145um 64.480um
 87.135um 64.115um 87.145um 64.345um
 87.135um 63.980um 87.145um 64.115um
 112.835um 63.900um 112.845um 64.035um
 112.835um 64.035um 112.845um 64.265um
 112.835um 64.265um 112.845um 64.400um
 112.505um 64.265um 112.515um 64.400um
 112.505um 64.035um 112.515um 64.265um
 112.505um 63.900um 112.515um 64.035um
----------------------------------------
Metal1 spacing < 0.23um (M1.2a)
----------------------------------------
 61.910um 64.625um 62.000um 64.855um
 62.140um 64.615um 62.230um 64.625um
 87.225um 64.490um 87.315um 64.720um
 87.455um 64.480um 87.545um 64.490um
 112.595um 64.410um 112.685um 64.640um
 112.825um 64.400um 112.915um 64.410um
----------------------------------------
[INFO]: COUNT: 42
[INFO]: Should be divided by 3 or 4

