OpenROAD 6cafde346882876ede12f949e26ba481afd82c0c 
This program is licensed under the BSD-3 license. See the LICENSE file for details.
Components of this program may be licensed under more restrictive licenses which must be honored.
[INFO PDN-0001] Inserting grid: stdcell_grid
[INFO PDN-0001] Inserting grid: macro - osc0
[WARNING PSM-0016] Voltage pad location (VSRC) file not specified, defaulting pad location to checkerboard pattern on core area.
[WARNING PSM-0017] X direction bump pitch is not specified, defaulting to 140um.
[WARNING PSM-0018] Y direction bump pitch is not specified, defaulting to 140um.
[WARNING PSM-0019] Voltage on net VDD is not explicitly set.
[WARNING PSM-0022] Using voltage 0.000V for VDD network.
[WARNING PSM-0065] VSRC location not specified, using default checkerboard pattern with one VDD every size bumps in x-direction and one in two bumps in the y-direction
[INFO PSM-0076] Setting metal node density to be standard cell height times 5.
[WARNING PSM-0030] VSRC location at (99.960um, 99.960um) and size 10.000um, is not located on an existing power stripe node. Moving to closest node at (123.270um, 98.000um).
[INFO PSM-0031] Number of PDN nodes on net VDD = 516.
[INFO PSM-0064] Number of voltage sources = 1.
[INFO PSM-0040] All PDN stripes on net VDD are connected.
[WARNING PSM-0016] Voltage pad location (VSRC) file not specified, defaulting pad location to checkerboard pattern on core area.
[WARNING PSM-0017] X direction bump pitch is not specified, defaulting to 140um.
[WARNING PSM-0018] Y direction bump pitch is not specified, defaulting to 140um.
[WARNING PSM-0019] Voltage on net VSS is not explicitly set.
[WARNING PSM-0021] Using voltage 0.000V for ground network.
[WARNING PSM-0065] VSRC location not specified, using default checkerboard pattern with one VDD every size bumps in x-direction and one in two bumps in the y-direction
[INFO PSM-0076] Setting metal node density to be standard cell height times 5.
[INFO PSM-0031] Number of PDN nodes on net VSS = 566.
[INFO PSM-0064] Number of voltage sources = 1.
[INFO PSM-0040] All PDN stripes on net VSS are connected.
Setting global connections for newly added cells...
Writing OpenROAD database to /usr/local/google/home/sachinnadig/MixedSignal_ENV/GF180_GAFE_1/digital/runs/RUN_2023.02.14_02.16.20/tmp/floorplan/7-pdn.odb...
Writing layout to /usr/local/google/home/sachinnadig/MixedSignal_ENV/GF180_GAFE_1/digital/runs/RUN_2023.02.14_02.16.20/tmp/floorplan/7-pdn.def...
