[INFO]: Run Directory: /usr/local/google/home/sachinnadig/MixedSignal_ENV/GF180_GAFE_1/digital/runs/RUN_2023.02.14_02.16.20
[INFO]: Preparing LEF files for the nom corner...
[INFO]: Preparing LEF files for the min corner...
[INFO]: Preparing LEF files for the max corner...
[INFO]: Running Synthesis (log: digital/runs/RUN_2023.02.14_02.16.20/logs/synthesis/1-synthesis.log)...
[INFO]: Running Single-Corner Static Timing Analysis (log: digital/runs/RUN_2023.02.14_02.16.20/logs/synthesis/2-sta.log)...
[INFO]: Running Initial Floorplanning (log: digital/runs/RUN_2023.02.14_02.16.20/logs/floorplan/3-initial_fp.log)...
[WARNING]: Current core area is too small for the power grid settings chosen. The power grid will be scaled down.
[INFO]: Floorplanned with width 186.48 and height 168.56.
[INFO]: Running IO Placement...
[INFO]: Performing Manual Macro Placement (log: digital/runs/RUN_2023.02.14_02.16.20/logs/placement/5-macro_placement.log)...
[INFO]: Running Tap/Decap Insertion (log: digital/runs/RUN_2023.02.14_02.16.20/logs/floorplan/6-tap.log)...
[INFO]: Power planning with power {VDD} and ground {VSS}...
[INFO]: Generating PDN (log: digital/runs/RUN_2023.02.14_02.16.20/logs/floorplan/7-pdn.log)...
[INFO]: Running Global Placement (log: digital/runs/RUN_2023.02.14_02.16.20/logs/placement/8-global.log)...
[INFO]: Running Placement Resizer Design Optimizations (log: digital/runs/RUN_2023.02.14_02.16.20/logs/placement/9-resizer.log)...
[INFO]: Running Detailed Placement (log: digital/runs/RUN_2023.02.14_02.16.20/logs/placement/10-detailed.log)...
[INFO]: Running Placement Resizer Timing Optimizations (log: digital/runs/RUN_2023.02.14_02.16.20/logs/cts/11-resizer.log)...
[INFO]: Running Global Routing Resizer Timing Optimizations (log: digital/runs/RUN_2023.02.14_02.16.20/logs/routing/12-resizer.log)...
[INFO]: Running Diode Insertion (log: digital/runs/RUN_2023.02.14_02.16.20/logs/routing/13-diodes.log)...
[INFO]: Running Detailed Placement (log: digital/runs/RUN_2023.02.14_02.16.20/logs/routing/14-diode_legalization.log)...
[INFO]: Running Fill Insertion (log: digital/runs/RUN_2023.02.14_02.16.20/logs/routing/15-fill.log)...
[INFO]: Running Global Routing (log: digital/runs/RUN_2023.02.14_02.16.20/logs/routing/16-global.log)...
[INFO]: Writing Verilog (log: digital/runs/RUN_2023.02.14_02.16.20/logs/routing/16-global_write_netlist.log)...
[INFO]: Running Detailed Routing (log: digital/runs/RUN_2023.02.14_02.16.20/logs/routing/18-detailed.log)...
[INFO]: No DRC violations after detailed routing.
[INFO]: Checking Wire Lengths (log: digital/runs/RUN_2023.02.14_02.16.20/logs/routing/19-wire_lengths.log)...
[INFO]: Running SPEF Extraction at the min process corner (log: digital/runs/RUN_2023.02.14_02.16.20/logs/signoff/20-parasitics_extraction.min.log)...
[INFO]: Running Multi-Corner Static Timing Analysis at the min process corner (log: digital/runs/RUN_2023.02.14_02.16.20/logs/signoff/21-rcx_mcsta.min.log)...
[INFO]: Running SPEF Extraction at the max process corner (log: digital/runs/RUN_2023.02.14_02.16.20/logs/signoff/22-parasitics_extraction.max.log)...
[INFO]: Running Multi-Corner Static Timing Analysis at the max process corner (log: digital/runs/RUN_2023.02.14_02.16.20/logs/signoff/23-rcx_mcsta.max.log)...
[INFO]: Running SPEF Extraction at the nom process corner (log: digital/runs/RUN_2023.02.14_02.16.20/logs/signoff/24-parasitics_extraction.nom.log)...
[INFO]: Running Multi-Corner Static Timing Analysis at the nom process corner (log: digital/runs/RUN_2023.02.14_02.16.20/logs/signoff/25-rcx_mcsta.nom.log)...
[INFO]: Running Single-Corner Static Timing Analysis at the nom process corner (log: digital/runs/RUN_2023.02.14_02.16.20/logs/signoff/26-rcx_sta.log)...
[INFO]: Creating IR Drop Report (log: digital/runs/RUN_2023.02.14_02.16.20/logs/signoff/27-irdrop.log)...
[INFO]: Running Magic to generate various views...
[INFO]: Streaming out GDSII with Magic (log: digital/runs/RUN_2023.02.14_02.16.20/logs/signoff/28-gdsii.log)...
[INFO]: Generating MAGLEF views...
[INFO]: Running Magic DRC (log: digital/runs/RUN_2023.02.14_02.16.20/logs/signoff/29-drc.log)...
[INFO]: Converting Magic DRC database to various tool-readable formats...
[ERROR]: There are violations in the design after Magic DRC.
[ERROR]: Total Number of violations is 42
[INFO]: Saving current set of views in 'digital/runs/RUN_2023.02.14_02.16.20/results/final'...
[INFO]: Generating final set of reports...
[INFO]: Created manufacturability report at 'digital/runs/RUN_2023.02.14_02.16.20/reports/manufacturability.rpt'.
[INFO]: Created metrics report at 'digital/runs/RUN_2023.02.14_02.16.20/reports/metrics.csv'.
[INFO]: Saving runtime environment...
[ERROR]: Flow failed.
[INFO]: The failure may have been because of the following warnings:
