
===========================================================================
report_checks -path_delay min (Hold)
============================================================================
Startpoint: osc_en (input port clocked by __VIRTUAL_CLK__)
Endpoint: osc_out (output port clocked by __VIRTUAL_CLK__)
Path Group: __VIRTUAL_CLK__
Path Type: min

Fanout     Cap    Slew   Delay    Time   Description
-----------------------------------------------------------------------------
                  0.00    0.00    0.00   clock __VIRTUAL_CLK__ (rise edge)
                          0.00    0.00   clock network delay (ideal)
                          2.00    2.00 v input external delay
                  0.09    0.04    2.04 v osc_en (in)
     1    0.01                           osc_en (net)
                  0.09    0.00    2.04 v input1/I (gf180mcu_fd_sc_mcu7t5v0__clkbuf_1)
                  0.29    0.30    2.34 v input1/Z (gf180mcu_fd_sc_mcu7t5v0__clkbuf_1)
     1    0.02                           net1 (net)
                  0.29    0.00    2.34 v _0_/A1 (gf180mcu_fd_sc_mcu7t5v0__and2_1)
                  0.88    0.77    3.11 v _0_/Z (gf180mcu_fd_sc_mcu7t5v0__and2_1)
     1    0.07                           osc_out (net)
                  0.88    0.00    3.11 v osc_out (out)
                                  3.11   data arrival time

                  0.00    0.00    0.00   clock __VIRTUAL_CLK__ (rise edge)
                          0.00    0.00   clock network delay (ideal)
                          0.25    0.25   clock uncertainty
                          0.00    0.25   clock reconvergence pessimism
                         -2.00   -1.75   output external delay
                                 -1.75   data required time
-----------------------------------------------------------------------------
                                 -1.75   data required time
                                 -3.11   data arrival time
-----------------------------------------------------------------------------
                                  4.86   slack (MET)


