
===========================================================================
report_checks -unconstrained
============================================================================
Startpoint: osc_en (input port clocked by __VIRTUAL_CLK__)
Endpoint: osc_out (output port clocked by __VIRTUAL_CLK__)
Path Group: __VIRTUAL_CLK__
Path Type: max

Fanout     Cap    Slew   Delay    Time   Description
-----------------------------------------------------------------------------
                  0.00    0.00    0.00   clock __VIRTUAL_CLK__ (rise edge)
                          0.00    0.00   clock network delay (ideal)
                          2.00    2.00 ^ input external delay
                  0.16    0.07    2.07 ^ osc_en (in)
     1    0.01                           osc_en (net)
                  0.16    0.00    2.07 ^ input1/I (gf180mcu_fd_sc_mcu7t5v0__clkbuf_1)
                  0.31    0.34    2.41 ^ input1/Z (gf180mcu_fd_sc_mcu7t5v0__clkbuf_1)
     1    0.02                           net1 (net)
                  0.31    0.00    2.41 ^ _0_/A1 (gf180mcu_fd_sc_mcu7t5v0__and2_1)
                  1.48    1.15    3.56 ^ _0_/Z (gf180mcu_fd_sc_mcu7t5v0__and2_1)
     1    0.07                           osc_out (net)
                  1.48    0.01    3.57 ^ osc_out (out)
                                  3.57   data arrival time

                  0.00   10.00   10.00   clock __VIRTUAL_CLK__ (rise edge)
                          0.00   10.00   clock network delay (ideal)
                         -0.25    9.75   clock uncertainty
                          0.00    9.75   clock reconvergence pessimism
                         -2.00    7.75   output external delay
                                  7.75   data required time
-----------------------------------------------------------------------------
                                  7.75   data required time
                                 -3.57   data arrival time
-----------------------------------------------------------------------------
                                  4.18   slack (MET)



===========================================================================
report_checks --slack_max -0.01
============================================================================
No paths found.
