
===========================================================================
report_checks -path_delay min (Hold)
============================================================================
Startpoint: osc_en (input port clocked by __VIRTUAL_CLK__)
Endpoint: osc_out (output port clocked by __VIRTUAL_CLK__)
Path Group: __VIRTUAL_CLK__
Path Type: min

Fanout     Cap    Slew   Delay    Time   Description
-----------------------------------------------------------------------------
                  0.00    0.00    0.00   clock __VIRTUAL_CLK__ (rise edge)
                          0.00    0.00   clock network delay (ideal)
                          2.00    2.00 v input external delay
                  0.06    0.02    2.02 v osc_en (in)
     1    0.00                           osc_en (net)
                  0.06    0.00    2.02 v _0_/A1 (gf180mcu_fd_sc_mcu7t5v0__and2_1)
                  0.75    0.62    2.64 v _0_/Z (gf180mcu_fd_sc_mcu7t5v0__and2_1)
     1    0.07                           osc_out (net)
                  0.75    0.00    2.64 v osc_out (out)
                                  2.64   data arrival time

                  0.00    0.00    0.00   clock __VIRTUAL_CLK__ (rise edge)
                          0.00    0.00   clock network delay (ideal)
                          0.25    0.25   clock uncertainty
                          0.00    0.25   clock reconvergence pessimism
                         -2.00   -1.75   output external delay
                                 -1.75   data required time
-----------------------------------------------------------------------------
                                 -1.75   data required time
                                 -2.64   data arrival time
-----------------------------------------------------------------------------
                                  4.39   slack (MET)


